2015/01/28 16:49:26 [error] [php] date(): It is not safe to rely on the system's timezone settings. You are *required* to use the date.timezone setting or the date_default_timezone_set() function. In case you used any of those methods and you are still getting this warning, you most likely misspelled the timezone identifier. We selected the timezone 'UTC' for now, but please set date.timezone to select your timezone. (/Users/Dan/Sites/Yii_Strap_Wheels/protected/views/layouts/main.php:72)
Stack trace:
#0 /Users/Dan/Sites/Yii_Strap_Wheels/YiiFramework/framework/web/CBaseController.php(95): SiteController->renderInternal()
#1 /Users/Dan/Sites/Yii_Strap_Wheels/YiiFramework/framework/web/widgets/CContentDecorator.php(76): SiteController->renderFile()
#2 /Users/Dan/Sites/Yii_Strap_Wheels/YiiFramework/framework/web/widgets/CContentDecorator.php(54): CContentDecorator->decorate()
#3 /Users/Dan/Sites/Yii_Strap_Wheels/YiiFramework/framework/web/widgets/COutputProcessor.php(44): CContentDecorator->processOutput()
#4 /Users/Dan/Sites/Yii_Strap_Wheels/YiiFramework/framework/web/CBaseController.php(214): CContentDecorator->run()
#5 /Users/Dan/Sites/Yii_Strap_Wheels/YiiFramework/framework/web/CBaseController.php(308): SiteController->endWidget()
#6 /Users/Dan/Sites/Yii_Strap_Wheels/protected/views/layouts/column1.php(6): SiteController->endContent()
#7 /Users/Dan/Sites/Yii_Strap_Wheels/YiiFramework/framework/web/CBaseController.php(126): require()
#8 /Users/Dan/Sites/Yii_Strap_Wheels/YiiFramework/framework/web/CBaseController.php(95): SiteController->renderInternal()
#9 /Users/Dan/Sites/Yii_Strap_Wheels/YiiFramework/framework/web/CController.php(784): SiteController->renderFile()
#10 /Users/Dan/Sites/Yii_Strap_Wheels/protected/controllers/SiteController.php(32): SiteController->render()
#11 /Users/Dan/Sites/Yii_Strap_Wheels/YiiFramework/framework/web/actions/CInlineAction.php(49): SiteController->actionIndex()
#12 /Users/Dan/Sites/Yii_Strap_Wheels/YiiFramework/framework/web/CController.php(308): CInlineAction->runWithParams()
#13 /Users/Dan/Sites/Yii_Strap_Wheels/YiiFramework/framework/web/CController.php(286): SiteController->runAction()
#14 /Users/Dan/Sites/Yii_Strap_Wheels/YiiFramework/framework/web/CController.php(265): SiteController->runActionWithFilters()
#15 /Users/Dan/Sites/Yii_Strap_Wheels/YiiFramework/framework/web/CWebApplication.php(282): SiteController->run()
#16 /Users/Dan/Sites/Yii_Strap_Wheels/YiiFramework/framework/web/CWebApplication.php(141): CWebApplication->runController()
#17 /Users/Dan/Sites/Yii_Strap_Wheels/YiiFramework/framework/base/CApplication.php(184): CWebApplication->processRequest()
#18 /Users/Dan/Sites/Yii_Strap_Wheels/index.php(13): CWebApplication->run()
REQUEST_URI=/~dan/Yii_Strap_Wheels/
in /Users/Dan/Sites/Yii_Strap_Wheels/protected/views/layouts/main.php (72)
in /Users/Dan/Sites/Yii_Strap_Wheels/protected/views/layouts/column1.php (6)
in /Users/Dan/Sites/Yii_Strap_Wheels/protected/controllers/SiteController.php (32)
2015/01/28 16:53:53 [error] [php] date(): It is not safe to rely on the system's timezone settings. You are *required* to use the date.timezone setting or the date_default_timezone_set() function. In case you used any of those methods and you are still getting this warning, you most likely misspelled the timezone identifier. We selected the timezone 'UTC' for now, but please set date.timezone to select your timezone. (/Users/Dan/Sites/Yii_Strap_Wheels/protected/views/layouts/main.php:72)
Stack trace:
#0 /Users/Dan/Sites/Yii_Strap_Wheels/YiiFramework/framework/web/CBaseController.php(95): SiteController->renderInternal()
#1 /Users/Dan/Sites/Yii_Strap_Wheels/YiiFramework/framework/web/widgets/CContentDecorator.php(76): SiteController->renderFile()
#2 /Users/Dan/Sites/Yii_Strap_Wheels/YiiFramework/framework/web/widgets/CContentDecorator.php(54): CContentDecorator->decorate()
#3 /Users/Dan/Sites/Yii_Strap_Wheels/YiiFramework/framework/web/widgets/COutputProcessor.php(44): CContentDecorator->processOutput()
#4 /Users/Dan/Sites/Yii_Strap_Wheels/YiiFramework/framework/web/CBaseController.php(214): CContentDecorator->run()
#5 /Users/Dan/Sites/Yii_Strap_Wheels/YiiFramework/framework/web/CBaseController.php(308): SiteController->endWidget()
#6 /Users/Dan/Sites/Yii_Strap_Wheels/protected/views/layouts/column1.php(6): SiteController->endContent()
#7 /Users/Dan/Sites/Yii_Strap_Wheels/YiiFramework/framework/web/CBaseController.php(126): require()
#8 /Users/Dan/Sites/Yii_Strap_Wheels/YiiFramework/framework/web/CBaseController.php(95): SiteController->renderInternal()
#9 /Users/Dan/Sites/Yii_Strap_Wheels/YiiFramework/framework/web/CController.php(784): SiteController->renderFile()
#10 /Users/Dan/Sites/Yii_Strap_Wheels/YiiFramework/framework/web/actions/CViewAction.php(140): SiteController->render()
#11 /Users/Dan/Sites/Yii_Strap_Wheels/YiiFramework/framework/web/actions/CAction.php(76): CViewAction->run()
#12 /Users/Dan/Sites/Yii_Strap_Wheels/YiiFramework/framework/web/CController.php(308): CViewAction->runWithParams()
#13 /Users/Dan/Sites/Yii_Strap_Wheels/YiiFramework/framework/web/CController.php(286): SiteController->runAction()
#14 /Users/Dan/Sites/Yii_Strap_Wheels/YiiFramework/framework/web/CController.php(265): SiteController->runActionWithFilters()
#15 /Users/Dan/Sites/Yii_Strap_Wheels/YiiFramework/framework/web/CWebApplication.php(282): SiteController->run()
#16 /Users/Dan/Sites/Yii_Strap_Wheels/YiiFramework/framework/web/CWebApplication.php(141): CWebApplication->runController()
#17 /Users/Dan/Sites/Yii_Strap_Wheels/YiiFramework/framework/base/CApplication.php(184): CWebApplication->processRequest()
#18 /Users/Dan/Sites/Yii_Strap_Wheels/index.php(13): CWebApplication->run()
REQUEST_URI=/~dan/Yii_Strap_Wheels/index.php/site/page?view=about
in /Users/Dan/Sites/Yii_Strap_Wheels/protected/views/layouts/main.php (72)
in /Users/Dan/Sites/Yii_Strap_Wheels/protected/views/layouts/column1.php (6)
in /Users/Dan/Sites/Yii_Strap_Wheels/index.php (13)
2015/01/28 16:53:54 [error] [php] date(): It is not safe to rely on the system's timezone settings. You are *required* to use the date.timezone setting or the date_default_timezone_set() function. In case you used any of those methods and you are still getting this warning, you most likely misspelled the timezone identifier. We selected the timezone 'UTC' for now, but please set date.timezone to select your timezone. (/Users/Dan/Sites/Yii_Strap_Wheels/protected/views/layouts/main.php:72)
Stack trace:
#0 /Users/Dan/Sites/Yii_Strap_Wheels/YiiFramework/framework/web/CBaseController.php(95): SiteController->renderInternal()
#1 /Users/Dan/Sites/Yii_Strap_Wheels/YiiFramework/framework/web/widgets/CContentDecorator.php(76): SiteController->renderFile()
#2 /Users/Dan/Sites/Yii_Strap_Wheels/YiiFramework/framework/web/widgets/CContentDecorator.php(54): CContentDecorator->decorate()
#3 /Users/Dan/Sites/Yii_Strap_Wheels/YiiFramework/framework/web/widgets/COutputProcessor.php(44): CContentDecorator->processOutput()
#4 /Users/Dan/Sites/Yii_Strap_Wheels/YiiFramework/framework/web/CBaseController.php(214): CContentDecorator->run()
#5 /Users/Dan/Sites/Yii_Strap_Wheels/YiiFramework/framework/web/CBaseController.php(308): SiteController->endWidget()
#6 /Users/Dan/Sites/Yii_Strap_Wheels/protected/views/layouts/column1.php(6): SiteController->endContent()
#7 /Users/Dan/Sites/Yii_Strap_Wheels/YiiFramework/framework/web/CBaseController.php(126): require()
#8 /Users/Dan/Sites/Yii_Strap_Wheels/YiiFramework/framework/web/CBaseController.php(95): SiteController->renderInternal()
#9 /Users/Dan/Sites/Yii_Strap_Wheels/YiiFramework/framework/web/CController.php(784): SiteController->renderFile()
#10 /Users/Dan/Sites/Yii_Strap_Wheels/protected/controllers/SiteController.php(98): SiteController->render()
#11 /Users/Dan/Sites/Yii_Strap_Wheels/YiiFramework/framework/web/actions/CInlineAction.php(49): SiteController->actionLogin()
#12 /Users/Dan/Sites/Yii_Strap_Wheels/YiiFramework/framework/web/CController.php(308): CInlineAction->runWithParams()
#13 /Users/Dan/Sites/Yii_Strap_Wheels/YiiFramework/framework/web/CController.php(286): SiteController->runAction()
#14 /Users/Dan/Sites/Yii_Strap_Wheels/YiiFramework/framework/web/CController.php(265): SiteController->runActionWithFilters()
#15 /Users/Dan/Sites/Yii_Strap_Wheels/YiiFramework/framework/web/CWebApplication.php(282): SiteController->run()
#16 /Users/Dan/Sites/Yii_Strap_Wheels/YiiFramework/framework/web/CWebApplication.php(141): CWebApplication->runController()
#17 /Users/Dan/Sites/Yii_Strap_Wheels/YiiFramework/framework/base/CApplication.php(184): CWebApplication->processRequest()
#18 /Users/Dan/Sites/Yii_Strap_Wheels/index.php(13): CWebApplication->run()
REQUEST_URI=/~dan/Yii_Strap_Wheels/index.php/site/login
in /Users/Dan/Sites/Yii_Strap_Wheels/protected/views/layouts/main.php (72)
in /Users/Dan/Sites/Yii_Strap_Wheels/protected/views/layouts/column1.php (6)
in /Users/Dan/Sites/Yii_Strap_Wheels/protected/controllers/SiteController.php (98)
2015/01/28 16:53:56 [error] [php] date(): It is not safe to rely on the system's timezone settings. You are *required* to use the date.timezone setting or the date_default_timezone_set() function. In case you used any of those methods and you are still getting this warning, you most likely misspelled the timezone identifier. We selected the timezone 'UTC' for now, but please set date.timezone to select your timezone. (/Users/Dan/Sites/Yii_Strap_Wheels/protected/views/layouts/main.php:72)
Stack trace:
#0 /Users/Dan/Sites/Yii_Strap_Wheels/YiiFramework/framework/web/CBaseController.php(95): SiteController->renderInternal()
#1 /Users/Dan/Sites/Yii_Strap_Wheels/YiiFramework/framework/web/widgets/CContentDecorator.php(76): SiteController->renderFile()
#2 /Users/Dan/Sites/Yii_Strap_Wheels/YiiFramework/framework/web/widgets/CContentDecorator.php(54): CContentDecorator->decorate()
#3 /Users/Dan/Sites/Yii_Strap_Wheels/YiiFramework/framework/web/widgets/COutputProcessor.php(44): CContentDecorator->processOutput()
#4 /Users/Dan/Sites/Yii_Strap_Wheels/YiiFramework/framework/web/CBaseController.php(214): CContentDecorator->run()
#5 /Users/Dan/Sites/Yii_Strap_Wheels/YiiFramework/framework/web/CBaseController.php(308): SiteController->endWidget()
#6 /Users/Dan/Sites/Yii_Strap_Wheels/protected/views/layouts/column1.php(6): SiteController->endContent()
#7 /Users/Dan/Sites/Yii_Strap_Wheels/YiiFramework/framework/web/CBaseController.php(126): require()
#8 /Users/Dan/Sites/Yii_Strap_Wheels/YiiFramework/framework/web/CBaseController.php(95): SiteController->renderInternal()
#9 /Users/Dan/Sites/Yii_Strap_Wheels/YiiFramework/framework/web/CController.php(784): SiteController->renderFile()
#10 /Users/Dan/Sites/Yii_Strap_Wheels/protected/controllers/SiteController.php(32): SiteController->render()
#11 /Users/Dan/Sites/Yii_Strap_Wheels/YiiFramework/framework/web/actions/CInlineAction.php(49): SiteController->actionIndex()
#12 /Users/Dan/Sites/Yii_Strap_Wheels/YiiFramework/framework/web/CController.php(308): CInlineAction->runWithParams()
#13 /Users/Dan/Sites/Yii_Strap_Wheels/YiiFramework/framework/web/CController.php(286): SiteController->runAction()
#14 /Users/Dan/Sites/Yii_Strap_Wheels/YiiFramework/framework/web/CController.php(265): SiteController->runActionWithFilters()
#15 /Users/Dan/Sites/Yii_Strap_Wheels/YiiFramework/framework/web/CWebApplication.php(282): SiteController->run()
#16 /Users/Dan/Sites/Yii_Strap_Wheels/YiiFramework/framework/web/CWebApplication.php(141): CWebApplication->runController()
#17 /Users/Dan/Sites/Yii_Strap_Wheels/YiiFramework/framework/base/CApplication.php(184): CWebApplication->processRequest()
#18 /Users/Dan/Sites/Yii_Strap_Wheels/index.php(13): CWebApplication->run()
REQUEST_URI=/~dan/Yii_Strap_Wheels/index.php/site/index
in /Users/Dan/Sites/Yii_Strap_Wheels/protected/views/layouts/main.php (72)
in /Users/Dan/Sites/Yii_Strap_Wheels/protected/views/layouts/column1.php (6)
in /Users/Dan/Sites/Yii_Strap_Wheels/protected/controllers/SiteController.php (32)
2015/01/28 16:53:57 [error] [php] date(): It is not safe to rely on the system's timezone settings. You are *required* to use the date.timezone setting or the date_default_timezone_set() function. In case you used any of those methods and you are still getting this warning, you most likely misspelled the timezone identifier. We selected the timezone 'UTC' for now, but please set date.timezone to select your timezone. (/Users/Dan/Sites/Yii_Strap_Wheels/protected/views/layouts/main.php:72)
Stack trace:
#0 /Users/Dan/Sites/Yii_Strap_Wheels/YiiFramework/framework/web/CBaseController.php(95): SiteController->renderInternal()
#1 /Users/Dan/Sites/Yii_Strap_Wheels/YiiFramework/framework/web/widgets/CContentDecorator.php(76): SiteController->renderFile()
#2 /Users/Dan/Sites/Yii_Strap_Wheels/YiiFramework/framework/web/widgets/CContentDecorator.php(54): CContentDecorator->decorate()
#3 /Users/Dan/Sites/Yii_Strap_Wheels/YiiFramework/framework/web/widgets/COutputProcessor.php(44): CContentDecorator->processOutput()
#4 /Users/Dan/Sites/Yii_Strap_Wheels/YiiFramework/framework/web/CBaseController.php(214): CContentDecorator->run()
#5 /Users/Dan/Sites/Yii_Strap_Wheels/YiiFramework/framework/web/CBaseController.php(308): SiteController->endWidget()
#6 /Users/Dan/Sites/Yii_Strap_Wheels/protected/views/layouts/column1.php(6): SiteController->endContent()
#7 /Users/Dan/Sites/Yii_Strap_Wheels/YiiFramework/framework/web/CBaseController.php(126): require()
#8 /Users/Dan/Sites/Yii_Strap_Wheels/YiiFramework/framework/web/CBaseController.php(95): SiteController->renderInternal()
#9 /Users/Dan/Sites/Yii_Strap_Wheels/YiiFramework/framework/web/CController.php(784): SiteController->renderFile()
#10 /Users/Dan/Sites/Yii_Strap_Wheels/protected/controllers/SiteController.php(98): SiteController->render()
#11 /Users/Dan/Sites/Yii_Strap_Wheels/YiiFramework/framework/web/actions/CInlineAction.php(49): SiteController->actionLogin()
#12 /Users/Dan/Sites/Yii_Strap_Wheels/YiiFramework/framework/web/CController.php(308): CInlineAction->runWithParams()
#13 /Users/Dan/Sites/Yii_Strap_Wheels/YiiFramework/framework/web/CController.php(286): SiteController->runAction()
#14 /Users/Dan/Sites/Yii_Strap_Wheels/YiiFramework/framework/web/CController.php(265): SiteController->runActionWithFilters()
#15 /Users/Dan/Sites/Yii_Strap_Wheels/YiiFramework/framework/web/CWebApplication.php(282): SiteController->run()
#16 /Users/Dan/Sites/Yii_Strap_Wheels/YiiFramework/framework/web/CWebApplication.php(141): CWebApplication->runController()
#17 /Users/Dan/Sites/Yii_Strap_Wheels/YiiFramework/framework/base/CApplication.php(184): CWebApplication->processRequest()
#18 /Users/Dan/Sites/Yii_Strap_Wheels/index.php(13): CWebApplication->run()
REQUEST_URI=/~dan/Yii_Strap_Wheels/index.php/site/login
in /Users/Dan/Sites/Yii_Strap_Wheels/protected/views/layouts/main.php (72)
in /Users/Dan/Sites/Yii_Strap_Wheels/protected/views/layouts/column1.php (6)
in /Users/Dan/Sites/Yii_Strap_Wheels/protected/controllers/SiteController.php (98)
2015/01/28 16:53:58 [error] [php] date(): It is not safe to rely on the system's timezone settings. You are *required* to use the date.timezone setting or the date_default_timezone_set() function. In case you used any of those methods and you are still getting this warning, you most likely misspelled the timezone identifier. We selected the timezone 'UTC' for now, but please set date.timezone to select your timezone. (/Users/Dan/Sites/Yii_Strap_Wheels/protected/views/layouts/main.php:72)
Stack trace:
#0 /Users/Dan/Sites/Yii_Strap_Wheels/YiiFramework/framework/web/CBaseController.php(95): SiteController->renderInternal()
#1 /Users/Dan/Sites/Yii_Strap_Wheels/YiiFramework/framework/web/widgets/CContentDecorator.php(76): SiteController->renderFile()
#2 /Users/Dan/Sites/Yii_Strap_Wheels/YiiFramework/framework/web/widgets/CContentDecorator.php(54): CContentDecorator->decorate()
#3 /Users/Dan/Sites/Yii_Strap_Wheels/YiiFramework/framework/web/widgets/COutputProcessor.php(44): CContentDecorator->processOutput()
#4 /Users/Dan/Sites/Yii_Strap_Wheels/YiiFramework/framework/web/CBaseController.php(214): CContentDecorator->run()
#5 /Users/Dan/Sites/Yii_Strap_Wheels/YiiFramework/framework/web/CBaseController.php(308): SiteController->endWidget()
#6 /Users/Dan/Sites/Yii_Strap_Wheels/protected/views/layouts/column1.php(6): SiteController->endContent()
#7 /Users/Dan/Sites/Yii_Strap_Wheels/YiiFramework/framework/web/CBaseController.php(126): require()
#8 /Users/Dan/Sites/Yii_Strap_Wheels/YiiFramework/framework/web/CBaseController.php(95): SiteController->renderInternal()
#9 /Users/Dan/Sites/Yii_Strap_Wheels/YiiFramework/framework/web/CController.php(784): SiteController->renderFile()
#10 /Users/Dan/Sites/Yii_Strap_Wheels/YiiFramework/framework/web/actions/CViewAction.php(140): SiteController->render()
#11 /Users/Dan/Sites/Yii_Strap_Wheels/YiiFramework/framework/web/actions/CAction.php(76): CViewAction->run()
#12 /Users/Dan/Sites/Yii_Strap_Wheels/YiiFramework/framework/web/CController.php(308): CViewAction->runWithParams()
#13 /Users/Dan/Sites/Yii_Strap_Wheels/YiiFramework/framework/web/CController.php(286): SiteController->runAction()
#14 /Users/Dan/Sites/Yii_Strap_Wheels/YiiFramework/framework/web/CController.php(265): SiteController->runActionWithFilters()
#15 /Users/Dan/Sites/Yii_Strap_Wheels/YiiFramework/framework/web/CWebApplication.php(282): SiteController->run()
#16 /Users/Dan/Sites/Yii_Strap_Wheels/YiiFramework/framework/web/CWebApplication.php(141): CWebApplication->runController()
#17 /Users/Dan/Sites/Yii_Strap_Wheels/YiiFramework/framework/base/CApplication.php(184): CWebApplication->processRequest()
#18 /Users/Dan/Sites/Yii_Strap_Wheels/index.php(13): CWebApplication->run()
REQUEST_URI=/~dan/Yii_Strap_Wheels/index.php/site/page?view=about
in /Users/Dan/Sites/Yii_Strap_Wheels/protected/views/layouts/main.php (72)
in /Users/Dan/Sites/Yii_Strap_Wheels/protected/views/layouts/column1.php (6)
in /Users/Dan/Sites/Yii_Strap_Wheels/index.php (13)
2015/01/28 16:53:58 [error] [php] date(): It is not safe to rely on the system's timezone settings. You are *required* to use the date.timezone setting or the date_default_timezone_set() function. In case you used any of those methods and you are still getting this warning, you most likely misspelled the timezone identifier. We selected the timezone 'UTC' for now, but please set date.timezone to select your timezone. (/Users/Dan/Sites/Yii_Strap_Wheels/protected/views/layouts/main.php:72)
Stack trace:
#0 /Users/Dan/Sites/Yii_Strap_Wheels/YiiFramework/framework/web/CBaseController.php(95): SiteController->renderInternal()
#1 /Users/Dan/Sites/Yii_Strap_Wheels/YiiFramework/framework/web/widgets/CContentDecorator.php(76): SiteController->renderFile()
#2 /Users/Dan/Sites/Yii_Strap_Wheels/YiiFramework/framework/web/widgets/CContentDecorator.php(54): CContentDecorator->decorate()
#3 /Users/Dan/Sites/Yii_Strap_Wheels/YiiFramework/framework/web/widgets/COutputProcessor.php(44): CContentDecorator->processOutput()
#4 /Users/Dan/Sites/Yii_Strap_Wheels/YiiFramework/framework/web/CBaseController.php(214): CContentDecorator->run()
#5 /Users/Dan/Sites/Yii_Strap_Wheels/YiiFramework/framework/web/CBaseController.php(308): SiteController->endWidget()
#6 /Users/Dan/Sites/Yii_Strap_Wheels/protected/views/layouts/column1.php(6): SiteController->endContent()
#7 /Users/Dan/Sites/Yii_Strap_Wheels/YiiFramework/framework/web/CBaseController.php(126): require()
#8 /Users/Dan/Sites/Yii_Strap_Wheels/YiiFramework/framework/web/CBaseController.php(95): SiteController->renderInternal()
#9 /Users/Dan/Sites/Yii_Strap_Wheels/YiiFramework/framework/web/CController.php(784): SiteController->renderFile()
#10 /Users/Dan/Sites/Yii_Strap_Wheels/protected/controllers/SiteController.php(32): SiteController->render()
#11 /Users/Dan/Sites/Yii_Strap_Wheels/YiiFramework/framework/web/actions/CInlineAction.php(49): SiteController->actionIndex()
#12 /Users/Dan/Sites/Yii_Strap_Wheels/YiiFramework/framework/web/CController.php(308): CInlineAction->runWithParams()
#13 /Users/Dan/Sites/Yii_Strap_Wheels/YiiFramework/framework/web/CController.php(286): SiteController->runAction()
#14 /Users/Dan/Sites/Yii_Strap_Wheels/YiiFramework/framework/web/CController.php(265): SiteController->runActionWithFilters()
#15 /Users/Dan/Sites/Yii_Strap_Wheels/YiiFramework/framework/web/CWebApplication.php(282): SiteController->run()
#16 /Users/Dan/Sites/Yii_Strap_Wheels/YiiFramework/framework/web/CWebApplication.php(141): CWebApplication->runController()
#17 /Users/Dan/Sites/Yii_Strap_Wheels/YiiFramework/framework/base/CApplication.php(184): CWebApplication->processRequest()
#18 /Users/Dan/Sites/Yii_Strap_Wheels/index.php(13): CWebApplication->run()
REQUEST_URI=/~dan/Yii_Strap_Wheels/index.php/site/index
in /Users/Dan/Sites/Yii_Strap_Wheels/protected/views/layouts/main.php (72)
in /Users/Dan/Sites/Yii_Strap_Wheels/protected/views/layouts/column1.php (6)
in /Users/Dan/Sites/Yii_Strap_Wheels/protected/controllers/SiteController.php (32)
2015/01/28 18:17:11 [error] [exception.CHttpException.404] exception 'CHttpException' with message 'The requested view "index" was not found.' in C:\wamp\www\sihcigg\YiiFramework\framework\web\actions\CViewAction.php:112
Stack trace:
#0 C:\wamp\www\sihcigg\YiiFramework\framework\web\actions\CViewAction.php(123): CViewAction->resolveView('index')
#1 C:\wamp\www\sihcigg\YiiFramework\framework\web\actions\CAction.php(76): CViewAction->run()
#2 C:\wamp\www\sihcigg\YiiFramework\framework\web\CController.php(308): CAction->runWithParams(Array)
#3 C:\wamp\www\sihcigg\YiiFramework\framework\web\CController.php(286): CController->runAction(Object(CViewAction))
#4 C:\wamp\www\sihcigg\YiiFramework\framework\web\CController.php(265): CController->runActionWithFilters(Object(CViewAction), Array)
#5 C:\wamp\www\sihcigg\YiiFramework\framework\web\CWebApplication.php(282): CController->run('page')
#6 C:\wamp\www\sihcigg\YiiFramework\framework\web\CWebApplication.php(141): CWebApplication->runController('site/page')
#7 C:\wamp\www\sihcigg\YiiFramework\framework\base\CApplication.php(184): CWebApplication->processRequest()
#8 C:\wamp\www\sihcigg\index.php(13): CApplication->run()
#9 {main}
REQUEST_URI=/sihcigg/index.php/site/page?gii
---
2015/01/28 18:17:23 [error] [exception.CHttpException.404] exception 'CHttpException' with message 'The requested view "gii" was not found.' in C:\wamp\www\sihcigg\YiiFramework\framework\web\actions\CViewAction.php:112
Stack trace:
#0 C:\wamp\www\sihcigg\YiiFramework\framework\web\actions\CViewAction.php(123): CViewAction->resolveView('gii')
#1 C:\wamp\www\sihcigg\YiiFramework\framework\web\actions\CAction.php(76): CViewAction->run()
#2 C:\wamp\www\sihcigg\YiiFramework\framework\web\CController.php(308): CAction->runWithParams(Array)
#3 C:\wamp\www\sihcigg\YiiFramework\framework\web\CController.php(286): CController->runAction(Object(CViewAction))
#4 C:\wamp\www\sihcigg\YiiFramework\framework\web\CController.php(265): CController->runActionWithFilters(Object(CViewAction), Array)
#5 C:\wamp\www\sihcigg\YiiFramework\framework\web\CWebApplication.php(282): CController->run('page')
#6 C:\wamp\www\sihcigg\YiiFramework\framework\web\CWebApplication.php(141): CWebApplication->runController('site/page')
#7 C:\wamp\www\sihcigg\YiiFramework\framework\base\CApplication.php(184): CWebApplication->processRequest()
#8 C:\wamp\www\sihcigg\index.php(13): CApplication->run()
#9 {main}
REQUEST_URI=/sihcigg/index.php/site/page?view=gii
---
2015/01/28 18:17:53 [error] [exception.CDbException] exception 'CDbException' with message 'CDbConnection.connectionString cannot be empty.' in C:\wamp\www\sihcigg\YiiFramework\framework\db\CDbConnection.php:387
Stack trace:
#0 C:\wamp\www\sihcigg\YiiFramework\framework\db\CDbConnection.php(347): CDbConnection->open()
#1 C:\wamp\www\sihcigg\YiiFramework\framework\db\CDbConnection.php(325): CDbConnection->setActive(true)
#2 C:\wamp\www\sihcigg\YiiFramework\framework\base\CModule.php(394): CDbConnection->init()
#3 C:\wamp\www\sihcigg\YiiFramework\framework\base\CModule.php(103): CModule->getComponent('db')
#4 C:\wamp\www\sihcigg\YiiFramework\framework\gii\generators\crud\CrudCode.php(44): CModule->__get('db')
#5 C:\wamp\www\sihcigg\YiiFramework\framework\web\CFormModel.php(39): CrudCode->init()
#6 C:\wamp\www\sihcigg\YiiFramework\framework\gii\CCodeGenerator.php(153): CFormModel->__construct()
#7 C:\wamp\www\sihcigg\YiiFramework\framework\gii\CCodeGenerator.php(63): CCodeGenerator->prepare()
#8 C:\wamp\www\sihcigg\YiiFramework\framework\web\actions\CInlineAction.php(49): CCodeGenerator->actionIndex()
#9 C:\wamp\www\sihcigg\YiiFramework\framework\web\CController.php(308): CInlineAction->runWithParams(Array)
#10 C:\wamp\www\sihcigg\YiiFramework\framework\web\CController.php(286): CController->runAction(Object(CInlineAction))
#11 C:\wamp\www\sihcigg\YiiFramework\framework\web\CController.php(265): CController->runActionWithFilters(Object(CInlineAction), Array)
#12 C:\wamp\www\sihcigg\YiiFramework\framework\web\CWebApplication.php(282): CController->run('index')
#13 C:\wamp\www\sihcigg\YiiFramework\framework\web\CWebApplication.php(141): CWebApplication->runController('gii/bootstrap/i...')
#14 C:\wamp\www\sihcigg\YiiFramework\framework\base\CApplication.php(184): CWebApplication->processRequest()
#15 C:\wamp\www\sihcigg\index.php(13): CApplication->run()
#16 {main}
REQUEST_URI=/sihcigg/index.php/gii/bootstrap/index
HTTP_REFERER=http://localhost/sihcigg/index.php/gii/default/index
---
2015/01/28 18:35:36 [error] [exception.CHttpException.404] exception 'CHttpException' with message 'The requested view "Prueba" was not found.' in C:\wamp\www\sihcig\YiiFramework\framework\web\actions\CViewAction.php:112
Stack trace:
#0 C:\wamp\www\sihcig\YiiFramework\framework\web\actions\CViewAction.php(123): CViewAction->resolveView('Prueba')
#1 C:\wamp\www\sihcig\YiiFramework\framework\web\actions\CAction.php(76): CViewAction->run()
#2 C:\wamp\www\sihcig\YiiFramework\framework\web\CController.php(308): CAction->runWithParams(Array)
#3 C:\wamp\www\sihcig\YiiFramework\framework\web\CController.php(286): CController->runAction(Object(CViewAction))
#4 C:\wamp\www\sihcig\YiiFramework\framework\web\CController.php(265): CController->runActionWithFilters(Object(CViewAction), Array)
#5 C:\wamp\www\sihcig\YiiFramework\framework\web\CWebApplication.php(282): CController->run('page')
#6 C:\wamp\www\sihcig\YiiFramework\framework\web\CWebApplication.php(141): CWebApplication->runController('site/page')
#7 C:\wamp\www\sihcig\YiiFramework\framework\base\CApplication.php(184): CWebApplication->processRequest()
#8 C:\wamp\www\sihcig\sihcig\index.php(13): CApplication->run()
#9 {main}
REQUEST_URI=/sihcig/sihcig/index.php/site/page?view=Prueba
---
2015/01/28 18:35:50 [error] [exception.CHttpException.404] exception 'CHttpException' with message 'The requested view "prueba" was not found.' in C:\wamp\www\sihcig\YiiFramework\framework\web\actions\CViewAction.php:112
Stack trace:
#0 C:\wamp\www\sihcig\YiiFramework\framework\web\actions\CViewAction.php(123): CViewAction->resolveView('prueba')
#1 C:\wamp\www\sihcig\YiiFramework\framework\web\actions\CAction.php(76): CViewAction->run()
#2 C:\wamp\www\sihcig\YiiFramework\framework\web\CController.php(308): CAction->runWithParams(Array)
#3 C:\wamp\www\sihcig\YiiFramework\framework\web\CController.php(286): CController->runAction(Object(CViewAction))
#4 C:\wamp\www\sihcig\YiiFramework\framework\web\CController.php(265): CController->runActionWithFilters(Object(CViewAction), Array)
#5 C:\wamp\www\sihcig\YiiFramework\framework\web\CWebApplication.php(282): CController->run('page')
#6 C:\wamp\www\sihcig\YiiFramework\framework\web\CWebApplication.php(141): CWebApplication->runController('site/page')
#7 C:\wamp\www\sihcig\YiiFramework\framework\base\CApplication.php(184): CWebApplication->processRequest()
#8 C:\wamp\www\sihcig\sihcig\index.php(13): CApplication->run()
#9 {main}
REQUEST_URI=/sihcig/sihcig/index.php/site/page?view=prueba
---
2015/01/28 18:36:15 [error] [exception.CHttpException.404] exception 'CHttpException' with message 'The system is unable to find the requested action "page".' in C:\wamp\www\sihcig\YiiFramework\framework\web\CController.php:483
Stack trace:
#0 C:\wamp\www\sihcig\YiiFramework\framework\web\CController.php(270): CController->missingAction('page')
#1 C:\wamp\www\sihcig\YiiFramework\framework\web\CWebApplication.php(282): CController->run('page')
#2 C:\wamp\www\sihcig\YiiFramework\framework\web\CWebApplication.php(141): CWebApplication->runController('prueba/page')
#3 C:\wamp\www\sihcig\YiiFramework\framework\base\CApplication.php(184): CWebApplication->processRequest()
#4 C:\wamp\www\sihcig\sihcig\index.php(13): CApplication->run()
#5 {main}
REQUEST_URI=/sihcig/sihcig/index.php/prueba/page?view=admin
---
2015/01/28 18:36:27 [error] [exception.CHttpException.404] exception 'CHttpException' with message 'The system is unable to find the requested action "page".' in C:\wamp\www\sihcig\YiiFramework\framework\web\CController.php:483
Stack trace:
#0 C:\wamp\www\sihcig\YiiFramework\framework\web\CController.php(270): CController->missingAction('page')
#1 C:\wamp\www\sihcig\YiiFramework\framework\web\CWebApplication.php(282): CController->run('page')
#2 C:\wamp\www\sihcig\YiiFramework\framework\web\CWebApplication.php(141): CWebApplication->runController('prueba/page')
#3 C:\wamp\www\sihcig\YiiFramework\framework\base\CApplication.php(184): CWebApplication->processRequest()
#4 C:\wamp\www\sihcig\sihcig\index.php(13): CApplication->run()
#5 {main}
REQUEST_URI=/sihcig/sihcig/index.php/prueba/page?view=Admin
---
2015/01/28 18:37:46 [error] [exception.CHttpException.403] exception 'CHttpException' with message 'You are not authorized to perform this action.' in C:\wamp\www\sihcig\YiiFramework\framework\web\auth\CAccessControlFilter.php:182
Stack trace:
#0 C:\wamp\www\sihcig\YiiFramework\framework\web\auth\CAccessControlFilter.php(145): CAccessControlFilter->accessDenied(Object(CWebUser), 'You are not aut...')
#1 C:\wamp\www\sihcig\YiiFramework\framework\web\filters\CFilter.php(38): CAccessControlFilter->preFilter(Object(CFilterChain))
#2 C:\wamp\www\sihcig\YiiFramework\framework\web\CController.php(1145): CFilter->filter(Object(CFilterChain))
#3 C:\wamp\www\sihcig\YiiFramework\framework\web\filters\CInlineFilter.php(58): CController->filterAccessControl(Object(CFilterChain))
#4 C:\wamp\www\sihcig\YiiFramework\framework\web\filters\CFilterChain.php(130): CInlineFilter->filter(Object(CFilterChain))
#5 C:\wamp\www\sihcig\YiiFramework\framework\web\CController.php(291): CFilterChain->run()
#6 C:\wamp\www\sihcig\YiiFramework\framework\web\CController.php(265): CController->runActionWithFilters(Object(CInlineAction), Array)
#7 C:\wamp\www\sihcig\YiiFramework\framework\web\CWebApplication.php(282): CController->run('admin')
#8 C:\wamp\www\sihcig\YiiFramework\framework\web\CWebApplication.php(141): CWebApplication->runController('prueba/admin')
#9 C:\wamp\www\sihcig\YiiFramework\framework\base\CApplication.php(184): CWebApplication->processRequest()
#10 C:\wamp\www\sihcig\sihcig\index.php(13): CApplication->run()
#11 {main}
REQUEST_URI=/sihcig/sihcig/index.php/prueba/admin
HTTP_REFERER=http://localhost/sihcig/sihcig/index.php/prueba/create
---
2015/01/30 23:14:27 [error] [exception.CHttpException.404] exception 'CHttpException' with message 'The system is unable to find the requested action "gii".' in C:\xampp\htdocs\SIHCiG\YiiFramework\framework\web\CController.php:483
Stack trace:
#0 C:\xampp\htdocs\SIHCiG\YiiFramework\framework\web\CController.php(270): CController->missingAction('gii')
#1 C:\xampp\htdocs\SIHCiG\YiiFramework\framework\web\CWebApplication.php(282): CController->run('gii')
#2 C:\xampp\htdocs\SIHCiG\YiiFramework\framework\web\CWebApplication.php(141): CWebApplication->runController('site/gii')
#3 C:\xampp\htdocs\SIHCiG\YiiFramework\framework\base\CApplication.php(184): CWebApplication->processRequest()
#4 C:\xampp\htdocs\SIHCiG\sihcig\index.php(13): CApplication->run()
#5 {main}
REQUEST_URI=/SIHCiG/sihcig/index.php/site/gii
---
2015/01/30 23:14:42 [error] [exception.CHttpException.404] exception 'CHttpException' with message 'The requested view "gii" was not found.' in C:\xampp\htdocs\SIHCiG\YiiFramework\framework\web\actions\CViewAction.php:112
Stack trace:
#0 C:\xampp\htdocs\SIHCiG\YiiFramework\framework\web\actions\CViewAction.php(123): CViewAction->resolveView('gii')
#1 C:\xampp\htdocs\SIHCiG\YiiFramework\framework\web\actions\CAction.php(76): CViewAction->run()
#2 C:\xampp\htdocs\SIHCiG\YiiFramework\framework\web\CController.php(308): CAction->runWithParams(Array)
#3 C:\xampp\htdocs\SIHCiG\YiiFramework\framework\web\CController.php(286): CController->runAction(Object(CViewAction))
#4 C:\xampp\htdocs\SIHCiG\YiiFramework\framework\web\CController.php(265): CController->runActionWithFilters(Object(CViewAction), Array)
#5 C:\xampp\htdocs\SIHCiG\YiiFramework\framework\web\CWebApplication.php(282): CController->run('page')
#6 C:\xampp\htdocs\SIHCiG\YiiFramework\framework\web\CWebApplication.php(141): CWebApplication->runController('site/page')
#7 C:\xampp\htdocs\SIHCiG\YiiFramework\framework\base\CApplication.php(184): CWebApplication->processRequest()
#8 C:\xampp\htdocs\SIHCiG\sihcig\index.php(13): CApplication->run()
#9 {main}
REQUEST_URI=/SIHCiG/sihcig/index.php/site/page?view=gii
---
2015/01/30 23:22:14 [error] [exception.CHttpException.404] exception 'CHttpException' with message 'The system is unable to find the requested action "index.php".' in C:\xampp\htdocs\SIHCiG\YiiFramework\framework\web\CController.php:483
Stack trace:
#0 C:\xampp\htdocs\SIHCiG\YiiFramework\framework\web\CController.php(270): CController->missingAction('index.php')
#1 C:\xampp\htdocs\SIHCiG\YiiFramework\framework\web\CWebApplication.php(282): CController->run('index.php')
#2 C:\xampp\htdocs\SIHCiG\YiiFramework\framework\web\CWebApplication.php(141): CWebApplication->runController('informacionDeDi...')
#3 C:\xampp\htdocs\SIHCiG\YiiFramework\framework\base\CApplication.php(184): CWebApplication->processRequest()
#4 C:\xampp\htdocs\SIHCiG\sihcig\index.php(13): CApplication->run()
#5 {main}
REQUEST_URI=/SIHCiG/sihcig/index.php/informacionDeDireccionGeneral/index.php
---
2015/01/30 23:23:16 [error] [exception.CHttpException.404] exception 'CHttpException' with message 'The system is unable to find the requested action "URL".' in C:\xampp\htdocs\SIHCiG\YiiFramework\framework\web\CController.php:483
Stack trace:
#0 C:\xampp\htdocs\SIHCiG\YiiFramework\framework\web\CController.php(270): CController->missingAction('URL')
#1 C:\xampp\htdocs\SIHCiG\YiiFramework\framework\web\CWebApplication.php(282): CController->run('URL')
#2 C:\xampp\htdocs\SIHCiG\YiiFramework\framework\web\CWebApplication.php(141): CWebApplication->runController('unidadHospitala...')
#3 C:\xampp\htdocs\SIHCiG\YiiFramework\framework\base\CApplication.php(184): CWebApplication->processRequest()
#4 C:\xampp\htdocs\SIHCiG\sihcig\index.php(13): CApplication->run()
#5 {main}
REQUEST_URI=/SIHCiG/sihcig/index.php/unidadHospitalariaJimComiteDeEtica/URL
HTTP_REFERER=http://localhost/SIHCiG/sihcig/index.php/unidadHospitalariaJimComiteDeEtica/
---
2015/01/31 00:33:06 [error] [exception.CHttpException.404] exception 'CHttpException' with message 'The system is unable to find the requested action "gii".' in C:\xampp\htdocs\SIHCiG\YiiFramework\framework\web\CController.php:483
Stack trace:
#0 C:\xampp\htdocs\SIHCiG\YiiFramework\framework\web\CController.php(270): CController->missingAction('gii')
#1 C:\xampp\htdocs\SIHCiG\YiiFramework\framework\web\CWebApplication.php(282): CController->run('gii')
#2 C:\xampp\htdocs\SIHCiG\YiiFramework\framework\web\CWebApplication.php(141): CWebApplication->runController('site/gii')
#3 C:\xampp\htdocs\SIHCiG\YiiFramework\framework\base\CApplication.php(184): CWebApplication->processRequest()
#4 C:\xampp\htdocs\SIHCiG\sihcig\index.php(13): CApplication->run()
#5 {main}
REQUEST_URI=/SIHCiG/sihcig/index.php/site/gii
---
2015/01/31 00:39:35 [error] [exception.CHttpException.404] exception 'CHttpException' with message 'The system is unable to find the requested action "organigrama".' in C:\xampp\htdocs\SIHCiG\YiiFramework\framework\web\CController.php:483
Stack trace:
#0 C:\xampp\htdocs\SIHCiG\YiiFramework\framework\web\CController.php(270): CController->missingAction('organigrama')
#1 C:\xampp\htdocs\SIHCiG\YiiFramework\framework\web\CWebApplication.php(282): CController->run('organigrama')
#2 C:\xampp\htdocs\SIHCiG\YiiFramework\framework\web\CWebApplication.php(141): CWebApplication->runController('site/organigram...')
#3 C:\xampp\htdocs\SIHCiG\YiiFramework\framework\base\CApplication.php(184): CWebApplication->processRequest()
#4 C:\xampp\htdocs\SIHCiG\sihcig\index.php(13): CApplication->run()
#5 {main}
REQUEST_URI=/SIHCiG/sihcig/index.php/site/organigrama
---
2015/01/31 00:40:02 [error] [exception.CException] exception 'CException' with message 'InformacionDeSubdireccionGeneralDeEnsenanzaEInvestigacionController cannot find the requested view "index".' in C:\xampp\htdocs\SIHCiG\YiiFramework\framework\web\CController.php:878
Stack trace:
#0 C:\xampp\htdocs\SIHCiG\YiiFramework\framework\web\CController.php(782): CController->renderPartial('index', NULL, true)
#1 C:\xampp\htdocs\SIHCiG\sihcig\protected\controllers\InformacionDeSubdireccionGeneralDeEnsenanzaEInvestigacionController.php(7): CController->render('index')
#2 C:\xampp\htdocs\SIHCiG\YiiFramework\framework\web\actions\CInlineAction.php(49): InformacionDeSubdireccionGeneralDeEnsenanzaEInvestigacionController->actionIndex()
#3 C:\xampp\htdocs\SIHCiG\YiiFramework\framework\web\CController.php(308): CInlineAction->runWithParams(Array)
#4 C:\xampp\htdocs\SIHCiG\YiiFramework\framework\web\CController.php(286): CController->runAction(Object(CInlineAction))
#5 C:\xampp\htdocs\SIHCiG\YiiFramework\framework\web\CController.php(265): CController->runActionWithFilters(Object(CInlineAction), Array)
#6 C:\xampp\htdocs\SIHCiG\YiiFramework\framework\web\CWebApplication.php(282): CController->run('')
#7 C:\xampp\htdocs\SIHCiG\YiiFramework\framework\web\CWebApplication.php(141): CWebApplication->runController('informacionDeSu...')
#8 C:\xampp\htdocs\SIHCiG\YiiFramework\framework\base\CApplication.php(184): CWebApplication->processRequest()
#9 C:\xampp\htdocs\SIHCiG\sihcig\index.php(13): CApplication->run()
#10 {main}
REQUEST_URI=/SIHCiG/sihcig/index.php/informacionDeSubdireccionGeneralDeEnsenanzaEInvestigacion
---
2015/01/31 00:40:49 [error] [exception.CHttpException.404] exception 'CHttpException' with message 'Unable to resolve the request "camino hacia el archivo".' in C:\xampp\htdocs\SIHCiG\YiiFramework\framework\web\CWebApplication.php:286
Stack trace:
#0 C:\xampp\htdocs\SIHCiG\YiiFramework\framework\web\CWebApplication.php(141): CWebApplication->runController('camino hacia el...')
#1 C:\xampp\htdocs\SIHCiG\YiiFramework\framework\base\CApplication.php(184): CWebApplication->processRequest()
#2 C:\xampp\htdocs\SIHCiG\sihcig\index.php(13): CApplication->run()
#3 {main}
REQUEST_URI=/SIHCiG/sihcig/index.php/camino%20hacia%20el%20archivo
HTTP_REFERER=http://localhost/SIHCiG/sihcig/index.php/organigrama
---
2015/01/31 00:41:38 [error] [exception.CHttpException.404] exception 'CHttpException' with message 'Unable to resolve the request "img/org1".' in C:\xampp\htdocs\SIHCiG\YiiFramework\framework\web\CWebApplication.php:286
Stack trace:
#0 C:\xampp\htdocs\SIHCiG\YiiFramework\framework\web\CWebApplication.php(141): CWebApplication->runController('img/org1')
#1 C:\xampp\htdocs\SIHCiG\YiiFramework\framework\base\CApplication.php(184): CWebApplication->processRequest()
#2 C:\xampp\htdocs\SIHCiG\sihcig\index.php(13): CApplication->run()
#3 {main}
REQUEST_URI=/SIHCiG/sihcig/index.php/img/org1
HTTP_REFERER=http://localhost/SIHCiG/sihcig/index.php/organigrama
---
2015/01/31 00:41:38 [error] [exception.CHttpException.404] exception 'CHttpException' with message 'Unable to resolve the request "img/org2".' in C:\xampp\htdocs\SIHCiG\YiiFramework\framework\web\CWebApplication.php:286
Stack trace:
#0 C:\xampp\htdocs\SIHCiG\YiiFramework\framework\web\CWebApplication.php(141): CWebApplication->runController('img/org2')
#1 C:\xampp\htdocs\SIHCiG\YiiFramework\framework\base\CApplication.php(184): CWebApplication->processRequest()
#2 C:\xampp\htdocs\SIHCiG\sihcig\index.php(13): CApplication->run()
#3 {main}
REQUEST_URI=/SIHCiG/sihcig/index.php/img/org2
HTTP_REFERER=http://localhost/SIHCiG/sihcig/index.php/organigrama
---
2015/01/31 00:41:38 [error] [exception.CHttpException.404] exception 'CHttpException' with message 'Unable to resolve the request "img/org2".' in C:\xampp\htdocs\SIHCiG\YiiFramework\framework\web\CWebApplication.php:286
Stack trace:
#0 C:\xampp\htdocs\SIHCiG\YiiFramework\framework\web\CWebApplication.php(141): CWebApplication->runController('img/org2')
#1 C:\xampp\htdocs\SIHCiG\YiiFramework\framework\base\CApplication.php(184): CWebApplication->processRequest()
#2 C:\xampp\htdocs\SIHCiG\sihcig\index.php(13): CApplication->run()
#3 {main}
REQUEST_URI=/SIHCiG/sihcig/index.php/img/org2
HTTP_REFERER=http://localhost/SIHCiG/sihcig/index.php/organigrama
---
2015/01/31 00:41:38 [error] [exception.CHttpException.404] exception 'CHttpException' with message 'Unable to resolve the request "img/org1".' in C:\xampp\htdocs\SIHCiG\YiiFramework\framework\web\CWebApplication.php:286
Stack trace:
#0 C:\xampp\htdocs\SIHCiG\YiiFramework\framework\web\CWebApplication.php(141): CWebApplication->runController('img/org1')
#1 C:\xampp\htdocs\SIHCiG\YiiFramework\framework\base\CApplication.php(184): CWebApplication->processRequest()
#2 C:\xampp\htdocs\SIHCiG\sihcig\index.php(13): CApplication->run()
#3 {main}
REQUEST_URI=/SIHCiG/sihcig/index.php/img/org1
HTTP_REFERER=http://localhost/SIHCiG/sihcig/index.php/organigrama
---
2015/01/31 00:41:40 [error] [exception.CHttpException.404] exception 'CHttpException' with message 'Unable to resolve the request "img/org1".' in C:\xampp\htdocs\SIHCiG\YiiFramework\framework\web\CWebApplication.php:286
Stack trace:
#0 C:\xampp\htdocs\SIHCiG\YiiFramework\framework\web\CWebApplication.php(141): CWebApplication->runController('img/org1')
#1 C:\xampp\htdocs\SIHCiG\YiiFramework\framework\base\CApplication.php(184): CWebApplication->processRequest()
#2 C:\xampp\htdocs\SIHCiG\sihcig\index.php(13): CApplication->run()
#3 {main}
REQUEST_URI=/SIHCiG/sihcig/index.php/img/org1
HTTP_REFERER=http://localhost/SIHCiG/sihcig/index.php/organigrama
---
2015/01/31 00:41:40 [error] [exception.CHttpException.404] exception 'CHttpException' with message 'Unable to resolve the request "img/org2".' in C:\xampp\htdocs\SIHCiG\YiiFramework\framework\web\CWebApplication.php:286
Stack trace:
#0 C:\xampp\htdocs\SIHCiG\YiiFramework\framework\web\CWebApplication.php(141): CWebApplication->runController('img/org2')
#1 C:\xampp\htdocs\SIHCiG\YiiFramework\framework\base\CApplication.php(184): CWebApplication->processRequest()
#2 C:\xampp\htdocs\SIHCiG\sihcig\index.php(13): CApplication->run()
#3 {main}
REQUEST_URI=/SIHCiG/sihcig/index.php/img/org2
HTTP_REFERER=http://localhost/SIHCiG/sihcig/index.php/organigrama
---
2015/01/31 00:42:38 [error] [exception.CHttpException.404] exception 'CHttpException' with message 'Unable to resolve the request "img/org1.png".' in C:\xampp\htdocs\SIHCiG\YiiFramework\framework\web\CWebApplication.php:286
Stack trace:
#0 C:\xampp\htdocs\SIHCiG\YiiFramework\framework\web\CWebApplication.php(141): CWebApplication->runController('img/org1.png')
#1 C:\xampp\htdocs\SIHCiG\YiiFramework\framework\base\CApplication.php(184): CWebApplication->processRequest()
#2 C:\xampp\htdocs\SIHCiG\sihcig\index.php(13): CApplication->run()
#3 {main}
REQUEST_URI=/SIHCiG/sihcig/index.php/img/org1.png
HTTP_REFERER=http://localhost/SIHCiG/sihcig/index.php/organigrama
---
2015/01/31 00:42:38 [error] [exception.CHttpException.404] exception 'CHttpException' with message 'Unable to resolve the request "img/org2.png".' in C:\xampp\htdocs\SIHCiG\YiiFramework\framework\web\CWebApplication.php:286
Stack trace:
#0 C:\xampp\htdocs\SIHCiG\YiiFramework\framework\web\CWebApplication.php(141): CWebApplication->runController('img/org2.png')
#1 C:\xampp\htdocs\SIHCiG\YiiFramework\framework\base\CApplication.php(184): CWebApplication->processRequest()
#2 C:\xampp\htdocs\SIHCiG\sihcig\index.php(13): CApplication->run()
#3 {main}
REQUEST_URI=/SIHCiG/sihcig/index.php/img/org2.png
HTTP_REFERER=http://localhost/SIHCiG/sihcig/index.php/organigrama
---
2015/01/31 00:43:42 [error] [exception.CHttpException.404] exception 'CHttpException' with message 'Unable to resolve the request "img/org1.png".' in C:\xampp\htdocs\SIHCiG\YiiFramework\framework\web\CWebApplication.php:286
Stack trace:
#0 C:\xampp\htdocs\SIHCiG\YiiFramework\framework\web\CWebApplication.php(141): CWebApplication->runController('img/org1.png')
#1 C:\xampp\htdocs\SIHCiG\YiiFramework\framework\base\CApplication.php(184): CWebApplication->processRequest()
#2 C:\xampp\htdocs\SIHCiG\sihcig\index.php(13): CApplication->run()
#3 {main}
REQUEST_URI=/SIHCiG/sihcig/index.php/img/org1.png
HTTP_REFERER=http://localhost/SIHCiG/sihcig/index.php/organigrama
---
2015/01/31 00:43:42 [error] [exception.CHttpException.404] exception 'CHttpException' with message 'Unable to resolve the request "img/org2.png".' in C:\xampp\htdocs\SIHCiG\YiiFramework\framework\web\CWebApplication.php:286
Stack trace:
#0 C:\xampp\htdocs\SIHCiG\YiiFramework\framework\web\CWebApplication.php(141): CWebApplication->runController('img/org2.png')
#1 C:\xampp\htdocs\SIHCiG\YiiFramework\framework\base\CApplication.php(184): CWebApplication->processRequest()
#2 C:\xampp\htdocs\SIHCiG\sihcig\index.php(13): CApplication->run()
#3 {main}
REQUEST_URI=/SIHCiG/sihcig/index.php/img/org2.png
HTTP_REFERER=http://localhost/SIHCiG/sihcig/index.php/organigrama
---
2015/01/31 00:43:51 [error] [exception.CHttpException.404] exception 'CHttpException' with message 'The system is unable to find the requested action "img".' in C:\xampp\htdocs\SIHCiG\YiiFramework\framework\web\CController.php:483
Stack trace:
#0 C:\xampp\htdocs\SIHCiG\YiiFramework\framework\web\CController.php(270): CController->missingAction('img')
#1 C:\xampp\htdocs\SIHCiG\YiiFramework\framework\web\CWebApplication.php(282): CController->run('img')
#2 C:\xampp\htdocs\SIHCiG\YiiFramework\framework\web\CWebApplication.php(141): CWebApplication->runController('organigrama/img')
#3 C:\xampp\htdocs\SIHCiG\YiiFramework\framework\base\CApplication.php(184): CWebApplication->processRequest()
#4 C:\xampp\htdocs\SIHCiG\sihcig\index.php(13): CApplication->run()
#5 {main}
REQUEST_URI=/SIHCiG/sihcig/index.php/organigrama/img
---
2015/01/31 00:52:12 [error] [exception.CHttpException.404] exception 'CHttpException' with message 'The system is unable to find the requested action "img".' in C:\xampp\htdocs\SIHCiG\YiiFramework\framework\web\CController.php:483
Stack trace:
#0 C:\xampp\htdocs\SIHCiG\YiiFramework\framework\web\CController.php(270): CController->missingAction('img')
#1 C:\xampp\htdocs\SIHCiG\YiiFramework\framework\web\CWebApplication.php(282): CController->run('img')
#2 C:\xampp\htdocs\SIHCiG\YiiFramework\framework\web\CWebApplication.php(141): CWebApplication->runController('organigrama/img')
#3 C:\xampp\htdocs\SIHCiG\YiiFramework\framework\base\CApplication.php(184): CWebApplication->processRequest()
#4 C:\xampp\htdocs\SIHCiG\sihcig\index.php(13): CApplication->run()
#5 {main}
REQUEST_URI=/SIHCiG/sihcig/index.php/organigrama/img
---
2015/01/31 00:52:28 [error] [exception.CHttpException.404] exception 'CHttpException' with message 'The system is unable to find the requested action "img".' in C:\xampp\htdocs\SIHCiG\YiiFramework\framework\web\CController.php:483
Stack trace:
#0 C:\xampp\htdocs\SIHCiG\YiiFramework\framework\web\CController.php(270): CController->missingAction('img')
#1 C:\xampp\htdocs\SIHCiG\YiiFramework\framework\web\CWebApplication.php(282): CController->run('img')
#2 C:\xampp\htdocs\SIHCiG\YiiFramework\framework\web\CWebApplication.php(141): CWebApplication->runController('organigrama/img')
#3 C:\xampp\htdocs\SIHCiG\YiiFramework\framework\base\CApplication.php(184): CWebApplication->processRequest()
#4 C:\xampp\htdocs\SIHCiG\sihcig\index.php(13): CApplication->run()
#5 {main}
REQUEST_URI=/SIHCiG/sihcig/index.php/organigrama/img
---
2015/01/31 19:10:04 [error] [exception.CHttpException.404] exception 'CHttpException' with message 'The system is unable to find the requested action "organigrama".' in C:\xampp\htdocs\SIHCiG\YiiFramework\framework\web\CController.php:483
Stack trace:
#0 C:\xampp\htdocs\SIHCiG\YiiFramework\framework\web\CController.php(270): CController->missingAction('organigrama')
#1 C:\xampp\htdocs\SIHCiG\YiiFramework\framework\web\CWebApplication.php(282): CController->run('organigrama')
#2 C:\xampp\htdocs\SIHCiG\YiiFramework\framework\web\CWebApplication.php(141): CWebApplication->runController('site/organigram...')
#3 C:\xampp\htdocs\SIHCiG\YiiFramework\framework\base\CApplication.php(184): CWebApplication->processRequest()
#4 C:\xampp\htdocs\SIHCiG\sihcig\index.php(13): CApplication->run()
#5 {main}
REQUEST_URI=/SIHCiG/sihcig/index.php/site/organigrama
---
