2015/03/25 12:22:53 [error] [exception.CException] exception 'CException' with message 'CAssetManager.basePath "C:\wamp\www\SIHCi\sihci\assets" es inválido. Asegúrese que el directorio exista y tenga permisos de escritura por el proceso que corre el servidor Web.' in C:\wamp\www\SIHCi\YiiFramework\framework\web\CAssetManager.php:138
Stack trace:
#0 C:\wamp\www\SIHCi\YiiFramework\framework\web\CAssetManager.php(123): CAssetManager->setBasePath('C:\\wamp\\www\\SIH...')
#1 C:\wamp\www\SIHCi\YiiFramework\framework\web\CAssetManager.php(217): CAssetManager->getBasePath()
#2 C:\wamp\www\SIHCi\sihci\protected\extensions\bootstrap\components\TbApi.php(216): CAssetManager->publish('C:\\wamp\\www\\SIH...', false, -1, false)
#3 C:\wamp\www\SIHCi\sihci\protected\extensions\bootstrap\components\TbApi.php(52): TbApi->getAssetsUrl()
#4 C:\wamp\www\SIHCi\sihci\protected\extensions\bootstrap\components\TbApi.php(93): TbApi->registerCoreCss()
#5 C:\wamp\www\SIHCi\sihci\protected\extensions\bootstrap\components\TbApi.php(138): TbApi->registerAllCss()
#6 C:\wamp\www\SIHCi\sihci\protected\views\layouts\informativas.php(37): TbApi->register()
#7 C:\wamp\www\SIHCi\YiiFramework\framework\web\CBaseController.php(126): require('C:\\wamp\\www\\SIH...')
#8 C:\wamp\www\SIHCi\YiiFramework\framework\web\CBaseController.php(95): CBaseController->renderInternal('C:\\wamp\\www\\SIH...', Array, true)
#9 C:\wamp\www\SIHCi\YiiFramework\framework\web\CController.php(784): CBaseController->renderFile('C:\\wamp\\www\\SIH...', Array, true)
#10 C:\wamp\www\SIHCi\sihci\protected\controllers\SiteController.php(33): CController->render('index')
#11 C:\wamp\www\SIHCi\YiiFramework\framework\web\actions\CInlineAction.php(49): SiteController->actionIndex()
#12 C:\wamp\www\SIHCi\YiiFramework\framework\web\CController.php(308): CInlineAction->runWithParams(Array)
#13 C:\wamp\www\SIHCi\YiiFramework\framework\web\CController.php(286): CController->runAction(Object(CInlineAction))
#14 C:\wamp\www\SIHCi\YiiFramework\framework\web\CController.php(265): CController->runActionWithFilters(Object(CInlineAction), Array)
#15 C:\wamp\www\SIHCi\YiiFramework\framework\web\CWebApplication.php(282): CController->run('')
#16 C:\wamp\www\SIHCi\YiiFramework\framework\web\CWebApplication.php(141): CWebApplication->runController('')
#17 C:\wamp\www\SIHCi\YiiFramework\framework\base\CApplication.php(184): CWebApplication->processRequest()
#18 C:\wamp\www\SIHCi\sihci\index.php(19): CApplication->run()
#19 {main}
REQUEST_URI=/sihci/sihci/
---
2015/03/25 12:23:55 [error] [exception.CException] exception 'CException' with message 'CAssetManager.basePath "C:\wamp\www\SIHCi\sihci\assets" es inválido. Asegúrese que el directorio exista y tenga permisos de escritura por el proceso que corre el servidor Web.' in C:\wamp\www\SIHCi\YiiFramework\framework\web\CAssetManager.php:138
Stack trace:
#0 C:\wamp\www\SIHCi\YiiFramework\framework\web\CAssetManager.php(123): CAssetManager->setBasePath('C:\\wamp\\www\\SIH...')
#1 C:\wamp\www\SIHCi\YiiFramework\framework\web\CAssetManager.php(217): CAssetManager->getBasePath()
#2 C:\wamp\www\SIHCi\sihci\protected\extensions\bootstrap\components\TbApi.php(216): CAssetManager->publish('C:\\wamp\\www\\SIH...', false, -1, false)
#3 C:\wamp\www\SIHCi\sihci\protected\extensions\bootstrap\components\TbApi.php(52): TbApi->getAssetsUrl()
#4 C:\wamp\www\SIHCi\sihci\protected\extensions\bootstrap\components\TbApi.php(93): TbApi->registerCoreCss()
#5 C:\wamp\www\SIHCi\sihci\protected\extensions\bootstrap\components\TbApi.php(138): TbApi->registerAllCss()
#6 C:\wamp\www\SIHCi\sihci\protected\views\layouts\informativas.php(37): TbApi->register()
#7 C:\wamp\www\SIHCi\YiiFramework\framework\web\CBaseController.php(126): require('C:\\wamp\\www\\SIH...')
#8 C:\wamp\www\SIHCi\YiiFramework\framework\web\CBaseController.php(95): CBaseController->renderInternal('C:\\wamp\\www\\SIH...', Array, true)
#9 C:\wamp\www\SIHCi\YiiFramework\framework\web\CController.php(784): CBaseController->renderFile('C:\\wamp\\www\\SIH...', Array, true)
#10 C:\wamp\www\SIHCi\sihci\protected\controllers\SiteController.php(33): CController->render('index')
#11 C:\wamp\www\SIHCi\YiiFramework\framework\web\actions\CInlineAction.php(49): SiteController->actionIndex()
#12 C:\wamp\www\SIHCi\YiiFramework\framework\web\CController.php(308): CInlineAction->runWithParams(Array)
#13 C:\wamp\www\SIHCi\YiiFramework\framework\web\CController.php(286): CController->runAction(Object(CInlineAction))
#14 C:\wamp\www\SIHCi\YiiFramework\framework\web\CController.php(265): CController->runActionWithFilters(Object(CInlineAction), Array)
#15 C:\wamp\www\SIHCi\YiiFramework\framework\web\CWebApplication.php(282): CController->run('')
#16 C:\wamp\www\SIHCi\YiiFramework\framework\web\CWebApplication.php(141): CWebApplication->runController('')
#17 C:\wamp\www\SIHCi\YiiFramework\framework\base\CApplication.php(184): CWebApplication->processRequest()
#18 C:\wamp\www\SIHCi\sihci\index.php(19): CApplication->run()
#19 {main}
REQUEST_URI=/sihci/sihci/
---
2015/03/25 12:25:24 [error] [exception.CDbException] exception 'CDbException' with message 'CDbConnection failed to open the DB connection: SQLSTATE[HY000] [1044] Access denied for user 'root'@'192.168.1.18' to database 'sihci'' in C:\wamp\www\SIHCi\YiiFramework\framework\db\CDbConnection.php:399
Stack trace:
#0 C:\wamp\www\SIHCi\YiiFramework\framework\db\CDbConnection.php(347): CDbConnection->open()
#1 C:\wamp\www\SIHCi\YiiFramework\framework\db\CDbConnection.php(325): CDbConnection->setActive(true)
#2 C:\wamp\www\SIHCi\YiiFramework\framework\base\CModule.php(394): CDbConnection->init()
#3 C:\wamp\www\SIHCi\YiiFramework\framework\base\CApplication.php(458): CModule->getComponent('db')
#4 C:\wamp\www\SIHCi\YiiFramework\framework\db\ar\CActiveRecord.php(637): CApplication->getDb()
#5 C:\wamp\www\SIHCi\YiiFramework\framework\db\ar\CActiveRecord.php(670): CActiveRecord->getDbConnection()
#6 C:\wamp\www\SIHCi\YiiFramework\framework\db\ar\CActiveRecord.php(1474): CActiveRecord->getCommandBuilder()
#7 C:\wamp\www\SIHCi\sihci\protected\controllers\FilesManagerController.php(142): CActiveRecord->findAll(Array)
#8 [internal function]: FilesManagerController->actionDisplayFiles('Direccion Gener...')
#9 C:\wamp\www\SIHCi\YiiFramework\framework\web\actions\CAction.php(109): ReflectionMethod->invokeArgs(Object(FilesManagerController), Array)
#10 C:\wamp\www\SIHCi\YiiFramework\framework\web\actions\CInlineAction.php(47): CAction->runWithParamsInternal(Object(FilesManagerController), Object(ReflectionMethod), Array)
#11 C:\wamp\www\SIHCi\YiiFramework\framework\web\CController.php(308): CInlineAction->runWithParams(Array)
#12 C:\wamp\www\SIHCi\YiiFramework\framework\web\filters\CFilterChain.php(133): CController->runAction(Object(CInlineAction))
#13 C:\wamp\www\SIHCi\YiiFramework\framework\web\filters\CFilter.php(40): CFilterChain->run()
#14 C:\wamp\www\SIHCi\YiiFramework\framework\web\CController.php(1145): CFilter->filter(Object(CFilterChain))
#15 C:\wamp\www\SIHCi\YiiFramework\framework\web\filters\CInlineFilter.php(58): CController->filterAccessControl(Object(CFilterChain))
#16 C:\wamp\www\SIHCi\YiiFramework\framework\web\filters\CFilterChain.php(130): CInlineFilter->filter(Object(CFilterChain))
#17 C:\wamp\www\SIHCi\YiiFramework\framework\web\CController.php(291): CFilterChain->run()
#18 C:\wamp\www\SIHCi\YiiFramework\framework\web\CController.php(265): CController->runActionWithFilters(Object(CInlineAction), Array)
#19 C:\wamp\www\SIHCi\YiiFramework\framework\web\CWebApplication.php(282): CController->run('DisplayFiles')
#20 C:\wamp\www\SIHCi\sihci\protected\views\informacionDeDireccionGeneral\index.php(95): CWebApplication->runController('filesManager/Di...')
#21 C:\wamp\www\SIHCi\YiiFramework\framework\web\CBaseController.php(126): require('C:\\wamp\\www\\SIH...')
#22 C:\wamp\www\SIHCi\YiiFramework\framework\web\CBaseController.php(95): CBaseController->renderInternal('C:\\wamp\\www\\SIH...', NULL, true)
#23 C:\wamp\www\SIHCi\YiiFramework\framework\web\CController.php(869): CBaseController->renderFile('C:\\wamp\\www\\SIH...', NULL, true)
#24 C:\wamp\www\SIHCi\YiiFramework\framework\web\CController.php(782): CController->renderPartial('index', NULL, true)
#25 C:\wamp\www\SIHCi\sihci\protected\controllers\InformacionDeDireccionGeneralController.php(8): CController->render('index')
#26 C:\wamp\www\SIHCi\YiiFramework\framework\web\actions\CInlineAction.php(49): InformacionDeDireccionGeneralController->actionIndex()
#27 C:\wamp\www\SIHCi\YiiFramework\framework\web\CController.php(308): CInlineAction->runWithParams(Array)
#28 C:\wamp\www\SIHCi\YiiFramework\framework\web\CController.php(286): CController->runAction(Object(CInlineAction))
#29 C:\wamp\www\SIHCi\YiiFramework\framework\web\CController.php(265): CController->runActionWithFilters(Object(CInlineAction), Array)
#30 C:\wamp\www\SIHCi\YiiFramework\framework\web\CWebApplication.php(282): CController->run('index')
#31 C:\wamp\www\SIHCi\YiiFramework\framework\web\CWebApplication.php(141): CWebApplication->runController('InformacionDeDi...')
#32 C:\wamp\www\SIHCi\YiiFramework\framework\base\CApplication.php(184): CWebApplication->processRequest()
#33 C:\wamp\www\SIHCi\sihci\index.php(19): CApplication->run()
#34 {main}
REQUEST_URI=/sihci/sihci/index.php/InformacionDeDireccionGeneral/index
HTTP_REFERER=http://localhost/sihci/sihci/
---
2015/03/25 12:34:16 [error] [exception.CDbException] exception 'CDbException' with message 'CDbConnection failed to open the DB connection: SQLSTATE[HY000] [1044] Access denied for user 'root'@'192.168.1.18' to database 'sihci'' in C:\wamp\www\SIHCi\YiiFramework\framework\db\CDbConnection.php:399
Stack trace:
#0 C:\wamp\www\SIHCi\YiiFramework\framework\db\CDbConnection.php(347): CDbConnection->open()
#1 C:\wamp\www\SIHCi\YiiFramework\framework\db\CDbConnection.php(325): CDbConnection->setActive(true)
#2 C:\wamp\www\SIHCi\YiiFramework\framework\base\CModule.php(394): CDbConnection->init()
#3 C:\wamp\www\SIHCi\YiiFramework\framework\base\CApplication.php(458): CModule->getComponent('db')
#4 C:\wamp\www\SIHCi\YiiFramework\framework\db\ar\CActiveRecord.php(637): CApplication->getDb()
#5 C:\wamp\www\SIHCi\YiiFramework\framework\db\ar\CActiveRecord.php(670): CActiveRecord->getDbConnection()
#6 C:\wamp\www\SIHCi\YiiFramework\framework\db\ar\CActiveRecord.php(1474): CActiveRecord->getCommandBuilder()
#7 C:\wamp\www\SIHCi\sihci\protected\controllers\FilesManagerController.php(142): CActiveRecord->findAll(Array)
#8 [internal function]: FilesManagerController->actionDisplayFiles('Direccion Gener...')
#9 C:\wamp\www\SIHCi\YiiFramework\framework\web\actions\CAction.php(109): ReflectionMethod->invokeArgs(Object(FilesManagerController), Array)
#10 C:\wamp\www\SIHCi\YiiFramework\framework\web\actions\CInlineAction.php(47): CAction->runWithParamsInternal(Object(FilesManagerController), Object(ReflectionMethod), Array)
#11 C:\wamp\www\SIHCi\YiiFramework\framework\web\CController.php(308): CInlineAction->runWithParams(Array)
#12 C:\wamp\www\SIHCi\YiiFramework\framework\web\filters\CFilterChain.php(133): CController->runAction(Object(CInlineAction))
#13 C:\wamp\www\SIHCi\YiiFramework\framework\web\filters\CFilter.php(40): CFilterChain->run()
#14 C:\wamp\www\SIHCi\YiiFramework\framework\web\CController.php(1145): CFilter->filter(Object(CFilterChain))
#15 C:\wamp\www\SIHCi\YiiFramework\framework\web\filters\CInlineFilter.php(58): CController->filterAccessControl(Object(CFilterChain))
#16 C:\wamp\www\SIHCi\YiiFramework\framework\web\filters\CFilterChain.php(130): CInlineFilter->filter(Object(CFilterChain))
#17 C:\wamp\www\SIHCi\YiiFramework\framework\web\CController.php(291): CFilterChain->run()
#18 C:\wamp\www\SIHCi\YiiFramework\framework\web\CController.php(265): CController->runActionWithFilters(Object(CInlineAction), Array)
#19 C:\wamp\www\SIHCi\YiiFramework\framework\web\CWebApplication.php(282): CController->run('DisplayFiles')
#20 C:\wamp\www\SIHCi\sihci\protected\views\informacionDeDireccionGeneral\index.php(95): CWebApplication->runController('filesManager/Di...')
#21 C:\wamp\www\SIHCi\YiiFramework\framework\web\CBaseController.php(126): require('C:\\wamp\\www\\SIH...')
#22 C:\wamp\www\SIHCi\YiiFramework\framework\web\CBaseController.php(95): CBaseController->renderInternal('C:\\wamp\\www\\SIH...', NULL, true)
#23 C:\wamp\www\SIHCi\YiiFramework\framework\web\CController.php(869): CBaseController->renderFile('C:\\wamp\\www\\SIH...', NULL, true)
#24 C:\wamp\www\SIHCi\YiiFramework\framework\web\CController.php(782): CController->renderPartial('index', NULL, true)
#25 C:\wamp\www\SIHCi\sihci\protected\controllers\InformacionDeDireccionGeneralController.php(8): CController->render('index')
#26 C:\wamp\www\SIHCi\YiiFramework\framework\web\actions\CInlineAction.php(49): InformacionDeDireccionGeneralController->actionIndex()
#27 C:\wamp\www\SIHCi\YiiFramework\framework\web\CController.php(308): CInlineAction->runWithParams(Array)
#28 C:\wamp\www\SIHCi\YiiFramework\framework\web\CController.php(286): CController->runAction(Object(CInlineAction))
#29 C:\wamp\www\SIHCi\YiiFramework\framework\web\CController.php(265): CController->runActionWithFilters(Object(CInlineAction), Array)
#30 C:\wamp\www\SIHCi\YiiFramework\framework\web\CWebApplication.php(282): CController->run('index')
#31 C:\wamp\www\SIHCi\YiiFramework\framework\web\CWebApplication.php(141): CWebApplication->runController('InformacionDeDi...')
#32 C:\wamp\www\SIHCi\YiiFramework\framework\base\CApplication.php(184): CWebApplication->processRequest()
#33 C:\wamp\www\SIHCi\sihci\index.php(19): CApplication->run()
#34 {main}
REQUEST_URI=/sihci/sihci/index.php/InformacionDeDireccionGeneral/index
HTTP_REFERER=http://localhost/sihci/sihci/
---
2015/03/25 12:35:20 [error] [exception.CDbException] exception 'CDbException' with message 'CDbConnection failed to open the DB connection: SQLSTATE[HY000] [1044] Access denied for user 'root'@'192.168.1.18' to database 'sihci'' in C:\wamp\www\SIHCi\YiiFramework\framework\db\CDbConnection.php:399
Stack trace:
#0 C:\wamp\www\SIHCi\YiiFramework\framework\db\CDbConnection.php(347): CDbConnection->open()
#1 C:\wamp\www\SIHCi\YiiFramework\framework\db\CDbConnection.php(325): CDbConnection->setActive(true)
#2 C:\wamp\www\SIHCi\YiiFramework\framework\base\CModule.php(394): CDbConnection->init()
#3 C:\wamp\www\SIHCi\YiiFramework\framework\base\CApplication.php(458): CModule->getComponent('db')
#4 C:\wamp\www\SIHCi\YiiFramework\framework\db\ar\CActiveRecord.php(637): CApplication->getDb()
#5 C:\wamp\www\SIHCi\YiiFramework\framework\db\ar\CActiveRecord.php(670): CActiveRecord->getDbConnection()
#6 C:\wamp\www\SIHCi\YiiFramework\framework\db\ar\CActiveRecord.php(1474): CActiveRecord->getCommandBuilder()
#7 C:\wamp\www\SIHCi\sihci\protected\controllers\FilesManagerController.php(142): CActiveRecord->findAll(Array)
#8 [internal function]: FilesManagerController->actionDisplayFiles('Direccion Gener...')
#9 C:\wamp\www\SIHCi\YiiFramework\framework\web\actions\CAction.php(109): ReflectionMethod->invokeArgs(Object(FilesManagerController), Array)
#10 C:\wamp\www\SIHCi\YiiFramework\framework\web\actions\CInlineAction.php(47): CAction->runWithParamsInternal(Object(FilesManagerController), Object(ReflectionMethod), Array)
#11 C:\wamp\www\SIHCi\YiiFramework\framework\web\CController.php(308): CInlineAction->runWithParams(Array)
#12 C:\wamp\www\SIHCi\YiiFramework\framework\web\filters\CFilterChain.php(133): CController->runAction(Object(CInlineAction))
#13 C:\wamp\www\SIHCi\YiiFramework\framework\web\filters\CFilter.php(40): CFilterChain->run()
#14 C:\wamp\www\SIHCi\YiiFramework\framework\web\CController.php(1145): CFilter->filter(Object(CFilterChain))
#15 C:\wamp\www\SIHCi\YiiFramework\framework\web\filters\CInlineFilter.php(58): CController->filterAccessControl(Object(CFilterChain))
#16 C:\wamp\www\SIHCi\YiiFramework\framework\web\filters\CFilterChain.php(130): CInlineFilter->filter(Object(CFilterChain))
#17 C:\wamp\www\SIHCi\YiiFramework\framework\web\CController.php(291): CFilterChain->run()
#18 C:\wamp\www\SIHCi\YiiFramework\framework\web\CController.php(265): CController->runActionWithFilters(Object(CInlineAction), Array)
#19 C:\wamp\www\SIHCi\YiiFramework\framework\web\CWebApplication.php(282): CController->run('DisplayFiles')
#20 C:\wamp\www\SIHCi\sihci\protected\views\informacionDeDireccionGeneral\index.php(95): CWebApplication->runController('filesManager/Di...')
#21 C:\wamp\www\SIHCi\YiiFramework\framework\web\CBaseController.php(126): require('C:\\wamp\\www\\SIH...')
#22 C:\wamp\www\SIHCi\YiiFramework\framework\web\CBaseController.php(95): CBaseController->renderInternal('C:\\wamp\\www\\SIH...', NULL, true)
#23 C:\wamp\www\SIHCi\YiiFramework\framework\web\CController.php(869): CBaseController->renderFile('C:\\wamp\\www\\SIH...', NULL, true)
#24 C:\wamp\www\SIHCi\YiiFramework\framework\web\CController.php(782): CController->renderPartial('index', NULL, true)
#25 C:\wamp\www\SIHCi\sihci\protected\controllers\InformacionDeDireccionGeneralController.php(8): CController->render('index')
#26 C:\wamp\www\SIHCi\YiiFramework\framework\web\actions\CInlineAction.php(49): InformacionDeDireccionGeneralController->actionIndex()
#27 C:\wamp\www\SIHCi\YiiFramework\framework\web\CController.php(308): CInlineAction->runWithParams(Array)
#28 C:\wamp\www\SIHCi\YiiFramework\framework\web\CController.php(286): CController->runAction(Object(CInlineAction))
#29 C:\wamp\www\SIHCi\YiiFramework\framework\web\CController.php(265): CController->runActionWithFilters(Object(CInlineAction), Array)
#30 C:\wamp\www\SIHCi\YiiFramework\framework\web\CWebApplication.php(282): CController->run('index')
#31 C:\wamp\www\SIHCi\YiiFramework\framework\web\CWebApplication.php(141): CWebApplication->runController('InformacionDeDi...')
#32 C:\wamp\www\SIHCi\YiiFramework\framework\base\CApplication.php(184): CWebApplication->processRequest()
#33 C:\wamp\www\SIHCi\sihci\index.php(19): CApplication->run()
#34 {main}
REQUEST_URI=/sihci/sihci/index.php/InformacionDeDireccionGeneral/index
HTTP_REFERER=http://localhost/sihci/sihci/
---
2015/03/25 12:35:21 [error] [exception.CDbException] exception 'CDbException' with message 'CDbConnection failed to open the DB connection: SQLSTATE[HY000] [1044] Access denied for user 'root'@'192.168.1.18' to database 'sihci'' in C:\wamp\www\SIHCi\YiiFramework\framework\db\CDbConnection.php:399
Stack trace:
#0 C:\wamp\www\SIHCi\YiiFramework\framework\db\CDbConnection.php(347): CDbConnection->open()
#1 C:\wamp\www\SIHCi\YiiFramework\framework\db\CDbConnection.php(325): CDbConnection->setActive(true)
#2 C:\wamp\www\SIHCi\YiiFramework\framework\base\CModule.php(394): CDbConnection->init()
#3 C:\wamp\www\SIHCi\YiiFramework\framework\base\CApplication.php(458): CModule->getComponent('db')
#4 C:\wamp\www\SIHCi\YiiFramework\framework\db\ar\CActiveRecord.php(637): CApplication->getDb()
#5 C:\wamp\www\SIHCi\YiiFramework\framework\db\ar\CActiveRecord.php(670): CActiveRecord->getDbConnection()
#6 C:\wamp\www\SIHCi\YiiFramework\framework\db\ar\CActiveRecord.php(1474): CActiveRecord->getCommandBuilder()
#7 C:\wamp\www\SIHCi\sihci\protected\controllers\FilesManagerController.php(142): CActiveRecord->findAll(Array)
#8 [internal function]: FilesManagerController->actionDisplayFiles('Direccion Gener...')
#9 C:\wamp\www\SIHCi\YiiFramework\framework\web\actions\CAction.php(109): ReflectionMethod->invokeArgs(Object(FilesManagerController), Array)
#10 C:\wamp\www\SIHCi\YiiFramework\framework\web\actions\CInlineAction.php(47): CAction->runWithParamsInternal(Object(FilesManagerController), Object(ReflectionMethod), Array)
#11 C:\wamp\www\SIHCi\YiiFramework\framework\web\CController.php(308): CInlineAction->runWithParams(Array)
#12 C:\wamp\www\SIHCi\YiiFramework\framework\web\filters\CFilterChain.php(133): CController->runAction(Object(CInlineAction))
#13 C:\wamp\www\SIHCi\YiiFramework\framework\web\filters\CFilter.php(40): CFilterChain->run()
#14 C:\wamp\www\SIHCi\YiiFramework\framework\web\CController.php(1145): CFilter->filter(Object(CFilterChain))
#15 C:\wamp\www\SIHCi\YiiFramework\framework\web\filters\CInlineFilter.php(58): CController->filterAccessControl(Object(CFilterChain))
#16 C:\wamp\www\SIHCi\YiiFramework\framework\web\filters\CFilterChain.php(130): CInlineFilter->filter(Object(CFilterChain))
#17 C:\wamp\www\SIHCi\YiiFramework\framework\web\CController.php(291): CFilterChain->run()
#18 C:\wamp\www\SIHCi\YiiFramework\framework\web\CController.php(265): CController->runActionWithFilters(Object(CInlineAction), Array)
#19 C:\wamp\www\SIHCi\YiiFramework\framework\web\CWebApplication.php(282): CController->run('DisplayFiles')
#20 C:\wamp\www\SIHCi\sihci\protected\views\informacionDeDireccionGeneral\index.php(95): CWebApplication->runController('filesManager/Di...')
#21 C:\wamp\www\SIHCi\YiiFramework\framework\web\CBaseController.php(126): require('C:\\wamp\\www\\SIH...')
#22 C:\wamp\www\SIHCi\YiiFramework\framework\web\CBaseController.php(95): CBaseController->renderInternal('C:\\wamp\\www\\SIH...', NULL, true)
#23 C:\wamp\www\SIHCi\YiiFramework\framework\web\CController.php(869): CBaseController->renderFile('C:\\wamp\\www\\SIH...', NULL, true)
#24 C:\wamp\www\SIHCi\YiiFramework\framework\web\CController.php(782): CController->renderPartial('index', NULL, true)
#25 C:\wamp\www\SIHCi\sihci\protected\controllers\InformacionDeDireccionGeneralController.php(8): CController->render('index')
#26 C:\wamp\www\SIHCi\YiiFramework\framework\web\actions\CInlineAction.php(49): InformacionDeDireccionGeneralController->actionIndex()
#27 C:\wamp\www\SIHCi\YiiFramework\framework\web\CController.php(308): CInlineAction->runWithParams(Array)
#28 C:\wamp\www\SIHCi\YiiFramework\framework\web\CController.php(286): CController->runAction(Object(CInlineAction))
#29 C:\wamp\www\SIHCi\YiiFramework\framework\web\CController.php(265): CController->runActionWithFilters(Object(CInlineAction), Array)
#30 C:\wamp\www\SIHCi\YiiFramework\framework\web\CWebApplication.php(282): CController->run('index')
#31 C:\wamp\www\SIHCi\YiiFramework\framework\web\CWebApplication.php(141): CWebApplication->runController('InformacionDeDi...')
#32 C:\wamp\www\SIHCi\YiiFramework\framework\base\CApplication.php(184): CWebApplication->processRequest()
#33 C:\wamp\www\SIHCi\sihci\index.php(19): CApplication->run()
#34 {main}
REQUEST_URI=/sihci/sihci/index.php/InformacionDeDireccionGeneral/index
HTTP_REFERER=http://localhost/sihci/sihci/
---
2015/03/25 12:35:23 [error] [exception.CDbException] exception 'CDbException' with message 'CDbConnection failed to open the DB connection: SQLSTATE[HY000] [1044] Access denied for user 'root'@'192.168.1.18' to database 'sihci'' in C:\wamp\www\SIHCi\YiiFramework\framework\db\CDbConnection.php:399
Stack trace:
#0 C:\wamp\www\SIHCi\YiiFramework\framework\db\CDbConnection.php(347): CDbConnection->open()
#1 C:\wamp\www\SIHCi\YiiFramework\framework\db\CDbConnection.php(325): CDbConnection->setActive(true)
#2 C:\wamp\www\SIHCi\YiiFramework\framework\base\CModule.php(394): CDbConnection->init()
#3 C:\wamp\www\SIHCi\YiiFramework\framework\base\CApplication.php(458): CModule->getComponent('db')
#4 C:\wamp\www\SIHCi\YiiFramework\framework\db\ar\CActiveRecord.php(637): CApplication->getDb()
#5 C:\wamp\www\SIHCi\YiiFramework\framework\db\ar\CActiveRecord.php(670): CActiveRecord->getDbConnection()
#6 C:\wamp\www\SIHCi\YiiFramework\framework\db\ar\CActiveRecord.php(1474): CActiveRecord->getCommandBuilder()
#7 C:\wamp\www\SIHCi\sihci\protected\controllers\FilesManagerController.php(142): CActiveRecord->findAll(Array)
#8 [internal function]: FilesManagerController->actionDisplayFiles('Direccion Gener...')
#9 C:\wamp\www\SIHCi\YiiFramework\framework\web\actions\CAction.php(109): ReflectionMethod->invokeArgs(Object(FilesManagerController), Array)
#10 C:\wamp\www\SIHCi\YiiFramework\framework\web\actions\CInlineAction.php(47): CAction->runWithParamsInternal(Object(FilesManagerController), Object(ReflectionMethod), Array)
#11 C:\wamp\www\SIHCi\YiiFramework\framework\web\CController.php(308): CInlineAction->runWithParams(Array)
#12 C:\wamp\www\SIHCi\YiiFramework\framework\web\filters\CFilterChain.php(133): CController->runAction(Object(CInlineAction))
#13 C:\wamp\www\SIHCi\YiiFramework\framework\web\filters\CFilter.php(40): CFilterChain->run()
#14 C:\wamp\www\SIHCi\YiiFramework\framework\web\CController.php(1145): CFilter->filter(Object(CFilterChain))
#15 C:\wamp\www\SIHCi\YiiFramework\framework\web\filters\CInlineFilter.php(58): CController->filterAccessControl(Object(CFilterChain))
#16 C:\wamp\www\SIHCi\YiiFramework\framework\web\filters\CFilterChain.php(130): CInlineFilter->filter(Object(CFilterChain))
#17 C:\wamp\www\SIHCi\YiiFramework\framework\web\CController.php(291): CFilterChain->run()
#18 C:\wamp\www\SIHCi\YiiFramework\framework\web\CController.php(265): CController->runActionWithFilters(Object(CInlineAction), Array)
#19 C:\wamp\www\SIHCi\YiiFramework\framework\web\CWebApplication.php(282): CController->run('DisplayFiles')
#20 C:\wamp\www\SIHCi\sihci\protected\views\informacionDeDireccionGeneral\index.php(95): CWebApplication->runController('filesManager/Di...')
#21 C:\wamp\www\SIHCi\YiiFramework\framework\web\CBaseController.php(126): require('C:\\wamp\\www\\SIH...')
#22 C:\wamp\www\SIHCi\YiiFramework\framework\web\CBaseController.php(95): CBaseController->renderInternal('C:\\wamp\\www\\SIH...', NULL, true)
#23 C:\wamp\www\SIHCi\YiiFramework\framework\web\CController.php(869): CBaseController->renderFile('C:\\wamp\\www\\SIH...', NULL, true)
#24 C:\wamp\www\SIHCi\YiiFramework\framework\web\CController.php(782): CController->renderPartial('index', NULL, true)
#25 C:\wamp\www\SIHCi\sihci\protected\controllers\InformacionDeDireccionGeneralController.php(8): CController->render('index')
#26 C:\wamp\www\SIHCi\YiiFramework\framework\web\actions\CInlineAction.php(49): InformacionDeDireccionGeneralController->actionIndex()
#27 C:\wamp\www\SIHCi\YiiFramework\framework\web\CController.php(308): CInlineAction->runWithParams(Array)
#28 C:\wamp\www\SIHCi\YiiFramework\framework\web\CController.php(286): CController->runAction(Object(CInlineAction))
#29 C:\wamp\www\SIHCi\YiiFramework\framework\web\CController.php(265): CController->runActionWithFilters(Object(CInlineAction), Array)
#30 C:\wamp\www\SIHCi\YiiFramework\framework\web\CWebApplication.php(282): CController->run('index')
#31 C:\wamp\www\SIHCi\YiiFramework\framework\web\CWebApplication.php(141): CWebApplication->runController('InformacionDeDi...')
#32 C:\wamp\www\SIHCi\YiiFramework\framework\base\CApplication.php(184): CWebApplication->processRequest()
#33 C:\wamp\www\SIHCi\sihci\index.php(19): CApplication->run()
#34 {main}
REQUEST_URI=/sihci/sihci/index.php/InformacionDeDireccionGeneral/index
HTTP_REFERER=http://localhost/sihci/sihci/
---
2015/03/25 12:35:24 [error] [exception.CDbException] exception 'CDbException' with message 'CDbConnection failed to open the DB connection: SQLSTATE[HY000] [1044] Access denied for user 'root'@'192.168.1.18' to database 'sihci'' in C:\wamp\www\SIHCi\YiiFramework\framework\db\CDbConnection.php:399
Stack trace:
#0 C:\wamp\www\SIHCi\YiiFramework\framework\db\CDbConnection.php(347): CDbConnection->open()
#1 C:\wamp\www\SIHCi\YiiFramework\framework\db\CDbConnection.php(325): CDbConnection->setActive(true)
#2 C:\wamp\www\SIHCi\YiiFramework\framework\base\CModule.php(394): CDbConnection->init()
#3 C:\wamp\www\SIHCi\YiiFramework\framework\base\CApplication.php(458): CModule->getComponent('db')
#4 C:\wamp\www\SIHCi\YiiFramework\framework\db\ar\CActiveRecord.php(637): CApplication->getDb()
#5 C:\wamp\www\SIHCi\YiiFramework\framework\db\ar\CActiveRecord.php(670): CActiveRecord->getDbConnection()
#6 C:\wamp\www\SIHCi\YiiFramework\framework\db\ar\CActiveRecord.php(1474): CActiveRecord->getCommandBuilder()
#7 C:\wamp\www\SIHCi\sihci\protected\controllers\FilesManagerController.php(142): CActiveRecord->findAll(Array)
#8 [internal function]: FilesManagerController->actionDisplayFiles('Direccion Gener...')
#9 C:\wamp\www\SIHCi\YiiFramework\framework\web\actions\CAction.php(109): ReflectionMethod->invokeArgs(Object(FilesManagerController), Array)
#10 C:\wamp\www\SIHCi\YiiFramework\framework\web\actions\CInlineAction.php(47): CAction->runWithParamsInternal(Object(FilesManagerController), Object(ReflectionMethod), Array)
#11 C:\wamp\www\SIHCi\YiiFramework\framework\web\CController.php(308): CInlineAction->runWithParams(Array)
#12 C:\wamp\www\SIHCi\YiiFramework\framework\web\filters\CFilterChain.php(133): CController->runAction(Object(CInlineAction))
#13 C:\wamp\www\SIHCi\YiiFramework\framework\web\filters\CFilter.php(40): CFilterChain->run()
#14 C:\wamp\www\SIHCi\YiiFramework\framework\web\CController.php(1145): CFilter->filter(Object(CFilterChain))
#15 C:\wamp\www\SIHCi\YiiFramework\framework\web\filters\CInlineFilter.php(58): CController->filterAccessControl(Object(CFilterChain))
#16 C:\wamp\www\SIHCi\YiiFramework\framework\web\filters\CFilterChain.php(130): CInlineFilter->filter(Object(CFilterChain))
#17 C:\wamp\www\SIHCi\YiiFramework\framework\web\CController.php(291): CFilterChain->run()
#18 C:\wamp\www\SIHCi\YiiFramework\framework\web\CController.php(265): CController->runActionWithFilters(Object(CInlineAction), Array)
#19 C:\wamp\www\SIHCi\YiiFramework\framework\web\CWebApplication.php(282): CController->run('DisplayFiles')
#20 C:\wamp\www\SIHCi\sihci\protected\views\informacionDeDireccionGeneral\index.php(95): CWebApplication->runController('filesManager/Di...')
#21 C:\wamp\www\SIHCi\YiiFramework\framework\web\CBaseController.php(126): require('C:\\wamp\\www\\SIH...')
#22 C:\wamp\www\SIHCi\YiiFramework\framework\web\CBaseController.php(95): CBaseController->renderInternal('C:\\wamp\\www\\SIH...', NULL, true)
#23 C:\wamp\www\SIHCi\YiiFramework\framework\web\CController.php(869): CBaseController->renderFile('C:\\wamp\\www\\SIH...', NULL, true)
#24 C:\wamp\www\SIHCi\YiiFramework\framework\web\CController.php(782): CController->renderPartial('index', NULL, true)
#25 C:\wamp\www\SIHCi\sihci\protected\controllers\InformacionDeDireccionGeneralController.php(8): CController->render('index')
#26 C:\wamp\www\SIHCi\YiiFramework\framework\web\actions\CInlineAction.php(49): InformacionDeDireccionGeneralController->actionIndex()
#27 C:\wamp\www\SIHCi\YiiFramework\framework\web\CController.php(308): CInlineAction->runWithParams(Array)
#28 C:\wamp\www\SIHCi\YiiFramework\framework\web\CController.php(286): CController->runAction(Object(CInlineAction))
#29 C:\wamp\www\SIHCi\YiiFramework\framework\web\CController.php(265): CController->runActionWithFilters(Object(CInlineAction), Array)
#30 C:\wamp\www\SIHCi\YiiFramework\framework\web\CWebApplication.php(282): CController->run('index')
#31 C:\wamp\www\SIHCi\YiiFramework\framework\web\CWebApplication.php(141): CWebApplication->runController('InformacionDeDi...')
#32 C:\wamp\www\SIHCi\YiiFramework\framework\base\CApplication.php(184): CWebApplication->processRequest()
#33 C:\wamp\www\SIHCi\sihci\index.php(19): CApplication->run()
#34 {main}
REQUEST_URI=/sihci/sihci/index.php/InformacionDeDireccionGeneral/index
HTTP_REFERER=http://localhost/sihci/sihci/
---
2015/03/25 12:35:26 [error] [exception.CDbException] exception 'CDbException' with message 'CDbConnection failed to open the DB connection: SQLSTATE[HY000] [1044] Access denied for user 'root'@'192.168.1.18' to database 'sihci'' in C:\wamp\www\SIHCi\YiiFramework\framework\db\CDbConnection.php:399
Stack trace:
#0 C:\wamp\www\SIHCi\YiiFramework\framework\db\CDbConnection.php(347): CDbConnection->open()
#1 C:\wamp\www\SIHCi\YiiFramework\framework\db\CDbConnection.php(325): CDbConnection->setActive(true)
#2 C:\wamp\www\SIHCi\YiiFramework\framework\base\CModule.php(394): CDbConnection->init()
#3 C:\wamp\www\SIHCi\YiiFramework\framework\base\CApplication.php(458): CModule->getComponent('db')
#4 C:\wamp\www\SIHCi\YiiFramework\framework\db\ar\CActiveRecord.php(637): CApplication->getDb()
#5 C:\wamp\www\SIHCi\YiiFramework\framework\db\ar\CActiveRecord.php(670): CActiveRecord->getDbConnection()
#6 C:\wamp\www\SIHCi\YiiFramework\framework\db\ar\CActiveRecord.php(1474): CActiveRecord->getCommandBuilder()
#7 C:\wamp\www\SIHCi\sihci\protected\controllers\FilesManagerController.php(142): CActiveRecord->findAll(Array)
#8 [internal function]: FilesManagerController->actionDisplayFiles('Direccion Gener...')
#9 C:\wamp\www\SIHCi\YiiFramework\framework\web\actions\CAction.php(109): ReflectionMethod->invokeArgs(Object(FilesManagerController), Array)
#10 C:\wamp\www\SIHCi\YiiFramework\framework\web\actions\CInlineAction.php(47): CAction->runWithParamsInternal(Object(FilesManagerController), Object(ReflectionMethod), Array)
#11 C:\wamp\www\SIHCi\YiiFramework\framework\web\CController.php(308): CInlineAction->runWithParams(Array)
#12 C:\wamp\www\SIHCi\YiiFramework\framework\web\filters\CFilterChain.php(133): CController->runAction(Object(CInlineAction))
#13 C:\wamp\www\SIHCi\YiiFramework\framework\web\filters\CFilter.php(40): CFilterChain->run()
#14 C:\wamp\www\SIHCi\YiiFramework\framework\web\CController.php(1145): CFilter->filter(Object(CFilterChain))
#15 C:\wamp\www\SIHCi\YiiFramework\framework\web\filters\CInlineFilter.php(58): CController->filterAccessControl(Object(CFilterChain))
#16 C:\wamp\www\SIHCi\YiiFramework\framework\web\filters\CFilterChain.php(130): CInlineFilter->filter(Object(CFilterChain))
#17 C:\wamp\www\SIHCi\YiiFramework\framework\web\CController.php(291): CFilterChain->run()
#18 C:\wamp\www\SIHCi\YiiFramework\framework\web\CController.php(265): CController->runActionWithFilters(Object(CInlineAction), Array)
#19 C:\wamp\www\SIHCi\YiiFramework\framework\web\CWebApplication.php(282): CController->run('DisplayFiles')
#20 C:\wamp\www\SIHCi\sihci\protected\views\informacionDeDireccionGeneral\index.php(95): CWebApplication->runController('filesManager/Di...')
#21 C:\wamp\www\SIHCi\YiiFramework\framework\web\CBaseController.php(126): require('C:\\wamp\\www\\SIH...')
#22 C:\wamp\www\SIHCi\YiiFramework\framework\web\CBaseController.php(95): CBaseController->renderInternal('C:\\wamp\\www\\SIH...', NULL, true)
#23 C:\wamp\www\SIHCi\YiiFramework\framework\web\CController.php(869): CBaseController->renderFile('C:\\wamp\\www\\SIH...', NULL, true)
#24 C:\wamp\www\SIHCi\YiiFramework\framework\web\CController.php(782): CController->renderPartial('index', NULL, true)
#25 C:\wamp\www\SIHCi\sihci\protected\controllers\InformacionDeDireccionGeneralController.php(8): CController->render('index')
#26 C:\wamp\www\SIHCi\YiiFramework\framework\web\actions\CInlineAction.php(49): InformacionDeDireccionGeneralController->actionIndex()
#27 C:\wamp\www\SIHCi\YiiFramework\framework\web\CController.php(308): CInlineAction->runWithParams(Array)
#28 C:\wamp\www\SIHCi\YiiFramework\framework\web\CController.php(286): CController->runAction(Object(CInlineAction))
#29 C:\wamp\www\SIHCi\YiiFramework\framework\web\CController.php(265): CController->runActionWithFilters(Object(CInlineAction), Array)
#30 C:\wamp\www\SIHCi\YiiFramework\framework\web\CWebApplication.php(282): CController->run('index')
#31 C:\wamp\www\SIHCi\YiiFramework\framework\web\CWebApplication.php(141): CWebApplication->runController('InformacionDeDi...')
#32 C:\wamp\www\SIHCi\YiiFramework\framework\base\CApplication.php(184): CWebApplication->processRequest()
#33 C:\wamp\www\SIHCi\sihci\index.php(19): CApplication->run()
#34 {main}
REQUEST_URI=/sihci/sihci/index.php/InformacionDeDireccionGeneral/index
---
2015/03/25 12:35:38 [error] [exception.CDbException] exception 'CDbException' with message 'CDbConnection failed to open the DB connection: SQLSTATE[HY000] [1044] Access denied for user 'root'@'192.168.1.18' to database 'sihci'' in C:\wamp\www\SIHCi\YiiFramework\framework\db\CDbConnection.php:399
Stack trace:
#0 C:\wamp\www\SIHCi\YiiFramework\framework\db\CDbConnection.php(347): CDbConnection->open()
#1 C:\wamp\www\SIHCi\YiiFramework\framework\db\CDbConnection.php(325): CDbConnection->setActive(true)
#2 C:\wamp\www\SIHCi\YiiFramework\framework\base\CModule.php(394): CDbConnection->init()
#3 C:\wamp\www\SIHCi\YiiFramework\framework\base\CApplication.php(458): CModule->getComponent('db')
#4 C:\wamp\www\SIHCi\YiiFramework\framework\db\ar\CActiveRecord.php(637): CApplication->getDb()
#5 C:\wamp\www\SIHCi\YiiFramework\framework\db\ar\CActiveRecord.php(670): CActiveRecord->getDbConnection()
#6 C:\wamp\www\SIHCi\YiiFramework\framework\db\ar\CActiveRecord.php(1474): CActiveRecord->getCommandBuilder()
#7 C:\wamp\www\SIHCi\sihci\protected\controllers\FilesManagerController.php(142): CActiveRecord->findAll(Array)
#8 [internal function]: FilesManagerController->actionDisplayFiles('Direccion Gener...')
#9 C:\wamp\www\SIHCi\YiiFramework\framework\web\actions\CAction.php(109): ReflectionMethod->invokeArgs(Object(FilesManagerController), Array)
#10 C:\wamp\www\SIHCi\YiiFramework\framework\web\actions\CInlineAction.php(47): CAction->runWithParamsInternal(Object(FilesManagerController), Object(ReflectionMethod), Array)
#11 C:\wamp\www\SIHCi\YiiFramework\framework\web\CController.php(308): CInlineAction->runWithParams(Array)
#12 C:\wamp\www\SIHCi\YiiFramework\framework\web\filters\CFilterChain.php(133): CController->runAction(Object(CInlineAction))
#13 C:\wamp\www\SIHCi\YiiFramework\framework\web\filters\CFilter.php(40): CFilterChain->run()
#14 C:\wamp\www\SIHCi\YiiFramework\framework\web\CController.php(1145): CFilter->filter(Object(CFilterChain))
#15 C:\wamp\www\SIHCi\YiiFramework\framework\web\filters\CInlineFilter.php(58): CController->filterAccessControl(Object(CFilterChain))
#16 C:\wamp\www\SIHCi\YiiFramework\framework\web\filters\CFilterChain.php(130): CInlineFilter->filter(Object(CFilterChain))
#17 C:\wamp\www\SIHCi\YiiFramework\framework\web\CController.php(291): CFilterChain->run()
#18 C:\wamp\www\SIHCi\YiiFramework\framework\web\CController.php(265): CController->runActionWithFilters(Object(CInlineAction), Array)
#19 C:\wamp\www\SIHCi\YiiFramework\framework\web\CWebApplication.php(282): CController->run('DisplayFiles')
#20 C:\wamp\www\SIHCi\sihci\protected\views\informacionDeDireccionGeneral\index.php(95): CWebApplication->runController('filesManager/Di...')
#21 C:\wamp\www\SIHCi\YiiFramework\framework\web\CBaseController.php(126): require('C:\\wamp\\www\\SIH...')
#22 C:\wamp\www\SIHCi\YiiFramework\framework\web\CBaseController.php(95): CBaseController->renderInternal('C:\\wamp\\www\\SIH...', NULL, true)
#23 C:\wamp\www\SIHCi\YiiFramework\framework\web\CController.php(869): CBaseController->renderFile('C:\\wamp\\www\\SIH...', NULL, true)
#24 C:\wamp\www\SIHCi\YiiFramework\framework\web\CController.php(782): CController->renderPartial('index', NULL, true)
#25 C:\wamp\www\SIHCi\sihci\protected\controllers\InformacionDeDireccionGeneralController.php(8): CController->render('index')
#26 C:\wamp\www\SIHCi\YiiFramework\framework\web\actions\CInlineAction.php(49): InformacionDeDireccionGeneralController->actionIndex()
#27 C:\wamp\www\SIHCi\YiiFramework\framework\web\CController.php(308): CInlineAction->runWithParams(Array)
#28 C:\wamp\www\SIHCi\YiiFramework\framework\web\CController.php(286): CController->runAction(Object(CInlineAction))
#29 C:\wamp\www\SIHCi\YiiFramework\framework\web\CController.php(265): CController->runActionWithFilters(Object(CInlineAction), Array)
#30 C:\wamp\www\SIHCi\YiiFramework\framework\web\CWebApplication.php(282): CController->run('index')
#31 C:\wamp\www\SIHCi\YiiFramework\framework\web\CWebApplication.php(141): CWebApplication->runController('InformacionDeDi...')
#32 C:\wamp\www\SIHCi\YiiFramework\framework\base\CApplication.php(184): CWebApplication->processRequest()
#33 C:\wamp\www\SIHCi\sihci\index.php(19): CApplication->run()
#34 {main}
REQUEST_URI=/sihci/sihci/index.php/InformacionDeDireccionGeneral/index
---
2015/03/25 12:35:40 [error] [exception.CDbException] exception 'CDbException' with message 'CDbConnection failed to open the DB connection: SQLSTATE[HY000] [1044] Access denied for user 'root'@'192.168.1.18' to database 'sihci'' in C:\wamp\www\SIHCi\YiiFramework\framework\db\CDbConnection.php:399
Stack trace:
#0 C:\wamp\www\SIHCi\YiiFramework\framework\db\CDbConnection.php(347): CDbConnection->open()
#1 C:\wamp\www\SIHCi\YiiFramework\framework\db\CDbConnection.php(325): CDbConnection->setActive(true)
#2 C:\wamp\www\SIHCi\YiiFramework\framework\base\CModule.php(394): CDbConnection->init()
#3 C:\wamp\www\SIHCi\YiiFramework\framework\base\CApplication.php(458): CModule->getComponent('db')
#4 C:\wamp\www\SIHCi\YiiFramework\framework\db\ar\CActiveRecord.php(637): CApplication->getDb()
#5 C:\wamp\www\SIHCi\YiiFramework\framework\db\ar\CActiveRecord.php(670): CActiveRecord->getDbConnection()
#6 C:\wamp\www\SIHCi\YiiFramework\framework\db\ar\CActiveRecord.php(1474): CActiveRecord->getCommandBuilder()
#7 C:\wamp\www\SIHCi\sihci\protected\controllers\FilesManagerController.php(142): CActiveRecord->findAll(Array)
#8 [internal function]: FilesManagerController->actionDisplayFiles('Direccion Gener...')
#9 C:\wamp\www\SIHCi\YiiFramework\framework\web\actions\CAction.php(109): ReflectionMethod->invokeArgs(Object(FilesManagerController), Array)
#10 C:\wamp\www\SIHCi\YiiFramework\framework\web\actions\CInlineAction.php(47): CAction->runWithParamsInternal(Object(FilesManagerController), Object(ReflectionMethod), Array)
#11 C:\wamp\www\SIHCi\YiiFramework\framework\web\CController.php(308): CInlineAction->runWithParams(Array)
#12 C:\wamp\www\SIHCi\YiiFramework\framework\web\filters\CFilterChain.php(133): CController->runAction(Object(CInlineAction))
#13 C:\wamp\www\SIHCi\YiiFramework\framework\web\filters\CFilter.php(40): CFilterChain->run()
#14 C:\wamp\www\SIHCi\YiiFramework\framework\web\CController.php(1145): CFilter->filter(Object(CFilterChain))
#15 C:\wamp\www\SIHCi\YiiFramework\framework\web\filters\CInlineFilter.php(58): CController->filterAccessControl(Object(CFilterChain))
#16 C:\wamp\www\SIHCi\YiiFramework\framework\web\filters\CFilterChain.php(130): CInlineFilter->filter(Object(CFilterChain))
#17 C:\wamp\www\SIHCi\YiiFramework\framework\web\CController.php(291): CFilterChain->run()
#18 C:\wamp\www\SIHCi\YiiFramework\framework\web\CController.php(265): CController->runActionWithFilters(Object(CInlineAction), Array)
#19 C:\wamp\www\SIHCi\YiiFramework\framework\web\CWebApplication.php(282): CController->run('DisplayFiles')
#20 C:\wamp\www\SIHCi\sihci\protected\views\informacionDeDireccionGeneral\index.php(95): CWebApplication->runController('filesManager/Di...')
#21 C:\wamp\www\SIHCi\YiiFramework\framework\web\CBaseController.php(126): require('C:\\wamp\\www\\SIH...')
#22 C:\wamp\www\SIHCi\YiiFramework\framework\web\CBaseController.php(95): CBaseController->renderInternal('C:\\wamp\\www\\SIH...', NULL, true)
#23 C:\wamp\www\SIHCi\YiiFramework\framework\web\CController.php(869): CBaseController->renderFile('C:\\wamp\\www\\SIH...', NULL, true)
#24 C:\wamp\www\SIHCi\YiiFramework\framework\web\CController.php(782): CController->renderPartial('index', NULL, true)
#25 C:\wamp\www\SIHCi\sihci\protected\controllers\InformacionDeDireccionGeneralController.php(8): CController->render('index')
#26 C:\wamp\www\SIHCi\YiiFramework\framework\web\actions\CInlineAction.php(49): InformacionDeDireccionGeneralController->actionIndex()
#27 C:\wamp\www\SIHCi\YiiFramework\framework\web\CController.php(308): CInlineAction->runWithParams(Array)
#28 C:\wamp\www\SIHCi\YiiFramework\framework\web\CController.php(286): CController->runAction(Object(CInlineAction))
#29 C:\wamp\www\SIHCi\YiiFramework\framework\web\CController.php(265): CController->runActionWithFilters(Object(CInlineAction), Array)
#30 C:\wamp\www\SIHCi\YiiFramework\framework\web\CWebApplication.php(282): CController->run('index')
#31 C:\wamp\www\SIHCi\YiiFramework\framework\web\CWebApplication.php(141): CWebApplication->runController('InformacionDeDi...')
#32 C:\wamp\www\SIHCi\YiiFramework\framework\base\CApplication.php(184): CWebApplication->processRequest()
#33 C:\wamp\www\SIHCi\sihci\index.php(19): CApplication->run()
#34 {main}
REQUEST_URI=/sihci/sihci/index.php/InformacionDeDireccionGeneral/index
---
2015/03/25 12:36:55 [error] [exception.CDbException] exception 'CDbException' with message 'CDbConnection failed to open the DB connection: SQLSTATE[HY000] [1044] Access denied for user 'root'@'192.168.1.18' to database 'sihci'' in C:\wamp\www\SIHCi\YiiFramework\framework\db\CDbConnection.php:399
Stack trace:
#0 C:\wamp\www\SIHCi\YiiFramework\framework\db\CDbConnection.php(347): CDbConnection->open()
#1 C:\wamp\www\SIHCi\YiiFramework\framework\db\CDbConnection.php(325): CDbConnection->setActive(true)
#2 C:\wamp\www\SIHCi\YiiFramework\framework\base\CModule.php(394): CDbConnection->init()
#3 C:\wamp\www\SIHCi\YiiFramework\framework\base\CApplication.php(458): CModule->getComponent('db')
#4 C:\wamp\www\SIHCi\YiiFramework\framework\db\ar\CActiveRecord.php(637): CApplication->getDb()
#5 C:\wamp\www\SIHCi\YiiFramework\framework\db\ar\CActiveRecord.php(670): CActiveRecord->getDbConnection()
#6 C:\wamp\www\SIHCi\YiiFramework\framework\db\ar\CActiveRecord.php(1460): CActiveRecord->getCommandBuilder()
#7 C:\wamp\www\SIHCi\sihci\protected\components\UserIdentity.php(27): CActiveRecord->find('LOWER(email)=?', Array)
#8 C:\wamp\www\SIHCi\sihci\protected\models\LoginForm.php(57): UserIdentity->authenticate()
#9 C:\wamp\www\SIHCi\YiiFramework\framework\validators\CInlineValidator.php(42): LoginForm->authenticate('password', Array)
#10 C:\wamp\www\SIHCi\YiiFramework\framework\validators\CValidator.php(201): CInlineValidator->validateAttribute(Object(LoginForm), 'password')
#11 C:\wamp\www\SIHCi\YiiFramework\framework\base\CModel.php(159): CValidator->validate(Object(LoginForm), NULL)
#12 C:\wamp\www\SIHCi\sihci\protected\controllers\SiteController.php(96): CModel->validate()
#13 C:\wamp\www\SIHCi\YiiFramework\framework\web\actions\CInlineAction.php(49): SiteController->actionLogin()
#14 C:\wamp\www\SIHCi\YiiFramework\framework\web\CController.php(308): CInlineAction->runWithParams(Array)
#15 C:\wamp\www\SIHCi\YiiFramework\framework\web\CController.php(286): CController->runAction(Object(CInlineAction))
#16 C:\wamp\www\SIHCi\YiiFramework\framework\web\CController.php(265): CController->runActionWithFilters(Object(CInlineAction), Array)
#17 C:\wamp\www\SIHCi\YiiFramework\framework\web\CWebApplication.php(282): CController->run('login')
#18 C:\wamp\www\SIHCi\YiiFramework\framework\web\CWebApplication.php(141): CWebApplication->runController('site/login')
#19 C:\wamp\www\SIHCi\YiiFramework\framework\base\CApplication.php(184): CWebApplication->processRequest()
#20 C:\wamp\www\SIHCi\sihci\index.php(19): CApplication->run()
#21 {main}
REQUEST_URI=/sihci/sihci/index.php/site/login
HTTP_REFERER=http://localhost/sihci/sihci/index.php/site/login
---
2015/03/25 13:09:37 [warning] [application] Error al establecer unsafe al atributo "email2" de "Users".
in C:\wamp\www\SIHCi\sihci\protected\controllers\UsersController.php (52)
in C:\wamp\www\SIHCi\sihci\index.php (19)
2015/03/25 13:09:37 [warning] [application] Error al establecer unsafe al atributo "password2" de "Users".
in C:\wamp\www\SIHCi\sihci\protected\controllers\UsersController.php (52)
in C:\wamp\www\SIHCi\sihci\index.php (19)
2015/03/25 13:09:37 [warning] [application] Error al establecer unsafe al atributo "email2" de "Users".
in C:\wamp\www\SIHCi\sihci\protected\controllers\UsersController.php (65)
in C:\wamp\www\SIHCi\sihci\index.php (19)
2015/03/25 13:09:37 [warning] [application] Error al establecer unsafe al atributo "password2" de "Users".
in C:\wamp\www\SIHCi\sihci\protected\controllers\UsersController.php (65)
in C:\wamp\www\SIHCi\sihci\index.php (19)
2015/03/25 13:11:32 [warning] [application] Error al establecer unsafe al atributo "email2" de "Users".
in C:\wamp\www\SIHCi\sihci\protected\controllers\UsersController.php (52)
in C:\wamp\www\SIHCi\sihci\index.php (19)
2015/03/25 13:11:32 [warning] [application] Error al establecer unsafe al atributo "password2" de "Users".
in C:\wamp\www\SIHCi\sihci\protected\controllers\UsersController.php (52)
in C:\wamp\www\SIHCi\sihci\index.php (19)
2015/03/25 13:11:32 [warning] [application] Error al establecer unsafe al atributo "email2" de "Users".
in C:\wamp\www\SIHCi\sihci\protected\controllers\UsersController.php (65)
in C:\wamp\www\SIHCi\sihci\index.php (19)
2015/03/25 13:11:32 [warning] [application] Error al establecer unsafe al atributo "password2" de "Users".
in C:\wamp\www\SIHCi\sihci\protected\controllers\UsersController.php (65)
in C:\wamp\www\SIHCi\sihci\index.php (19)
2015/03/25 13:12:07 [warning] [application] Error al establecer unsafe al atributo "email2" de "Users".
in C:\wamp\www\SIHCi\sihci\protected\controllers\UsersController.php (52)
in C:\wamp\www\SIHCi\sihci\index.php (19)
2015/03/25 13:12:07 [warning] [application] Error al establecer unsafe al atributo "password2" de "Users".
in C:\wamp\www\SIHCi\sihci\protected\controllers\UsersController.php (52)
in C:\wamp\www\SIHCi\sihci\index.php (19)
2015/03/25 13:12:46 [warning] [application] Error al establecer unsafe al atributo "email2" de "Users".
in C:\wamp\www\SIHCi\sihci\protected\controllers\UsersController.php (52)
in C:\wamp\www\SIHCi\sihci\index.php (19)
2015/03/25 13:12:46 [warning] [application] Error al establecer unsafe al atributo "password2" de "Users".
in C:\wamp\www\SIHCi\sihci\protected\controllers\UsersController.php (52)
in C:\wamp\www\SIHCi\sihci\index.php (19)
2015/03/25 13:12:46 [warning] [application] Error al establecer unsafe al atributo "email2" de "Users".
in C:\wamp\www\SIHCi\sihci\protected\controllers\UsersController.php (65)
in C:\wamp\www\SIHCi\sihci\index.php (19)
2015/03/25 13:12:46 [warning] [application] Error al establecer unsafe al atributo "password2" de "Users".
in C:\wamp\www\SIHCi\sihci\protected\controllers\UsersController.php (65)
in C:\wamp\www\SIHCi\sihci\index.php (19)
2015/03/25 13:13:15 [warning] [application] Error al establecer unsafe al atributo "email2" de "Users".
in C:\wamp\www\SIHCi\sihci\protected\controllers\UsersController.php (52)
in C:\wamp\www\SIHCi\sihci\index.php (19)
2015/03/25 13:13:15 [warning] [application] Error al establecer unsafe al atributo "password2" de "Users".
in C:\wamp\www\SIHCi\sihci\protected\controllers\UsersController.php (52)
in C:\wamp\www\SIHCi\sihci\index.php (19)
2015/03/25 13:13:15 [warning] [application] Error al establecer unsafe al atributo "email2" de "Users".
in C:\wamp\www\SIHCi\sihci\protected\controllers\UsersController.php (65)
in C:\wamp\www\SIHCi\sihci\index.php (19)
2015/03/25 13:13:15 [warning] [application] Error al establecer unsafe al atributo "password2" de "Users".
in C:\wamp\www\SIHCi\sihci\protected\controllers\UsersController.php (65)
in C:\wamp\www\SIHCi\sihci\index.php (19)
2015/03/26 09:26:59 [error] [php] file_put_contents(C:\wamp\www\SIHCi\sihci\protected\runtime/gii-1.1.16/ModelCode.php): failed to open stream: Permission denied (C:\wamp\www\SIHCi\YiiFramework\framework\gii\CCodeModel.php:388)
Stack trace:
#0 C:\wamp\www\SIHCi\YiiFramework\framework\gii\CCodeGenerator.php(63): ModelGenerator->prepare()
#1 C:\wamp\www\SIHCi\YiiFramework\framework\web\actions\CInlineAction.php(49): ModelGenerator->actionIndex()
#2 C:\wamp\www\SIHCi\YiiFramework\framework\web\CController.php(308): CInlineAction->runWithParams()
#3 C:\wamp\www\SIHCi\YiiFramework\framework\web\CController.php(286): ModelGenerator->runAction()
#4 C:\wamp\www\SIHCi\YiiFramework\framework\web\CController.php(265): ModelGenerator->runActionWithFilters()
#5 C:\wamp\www\SIHCi\YiiFramework\framework\web\CWebApplication.php(282): ModelGenerator->run()
#6 C:\wamp\www\SIHCi\YiiFramework\framework\web\CWebApplication.php(141): CWebApplication->runController()
#7 C:\wamp\www\SIHCi\YiiFramework\framework\base\CApplication.php(184): CWebApplication->processRequest()
#8 C:\wamp\www\SIHCi\sihci\index.php(19): CWebApplication->run()
REQUEST_URI=/sihci/sihci/index.php/gii/model/index
in C:\wamp\www\SIHCi\sihci\index.php (19)
2015/03/26 09:32:37 [error] [php] file_put_contents(C:\wamp\www\SIHCi\sihci\protected\runtime/gii-1.1.16/ModelCode.php): failed to open stream: Permission denied (C:\wamp\www\SIHCi\YiiFramework\framework\gii\CCodeModel.php:388)
Stack trace:
#0 C:\wamp\www\SIHCi\YiiFramework\framework\gii\CCodeGenerator.php(63): ModelGenerator->prepare()
#1 C:\wamp\www\SIHCi\YiiFramework\framework\web\actions\CInlineAction.php(49): ModelGenerator->actionIndex()
#2 C:\wamp\www\SIHCi\YiiFramework\framework\web\CController.php(308): CInlineAction->runWithParams()
#3 C:\wamp\www\SIHCi\YiiFramework\framework\web\CController.php(286): ModelGenerator->runAction()
#4 C:\wamp\www\SIHCi\YiiFramework\framework\web\CController.php(265): ModelGenerator->runActionWithFilters()
#5 C:\wamp\www\SIHCi\YiiFramework\framework\web\CWebApplication.php(282): ModelGenerator->run()
#6 C:\wamp\www\SIHCi\YiiFramework\framework\web\CWebApplication.php(141): CWebApplication->runController()
#7 C:\wamp\www\SIHCi\YiiFramework\framework\base\CApplication.php(184): CWebApplication->processRequest()
#8 C:\wamp\www\SIHCi\sihci\index.php(19): CWebApplication->run()
REQUEST_URI=/sihci/sihci/index.php/gii/model/index
in C:\wamp\www\SIHCi\sihci\index.php (19)
2015/03/26 09:46:36 [error] [exception.CHttpException.404] exception 'CHttpException' with message 'No es posible resolver la solicitud "sponsorship/admin"' in C:\wamp\www\SIHCi\YiiFramework\framework\web\CWebApplication.php:286
Stack trace:
#0 C:\wamp\www\SIHCi\YiiFramework\framework\web\CWebApplication.php(141): CWebApplication->runController('sponsorship/adm...')
#1 C:\wamp\www\SIHCi\YiiFramework\framework\base\CApplication.php(184): CWebApplication->processRequest()
#2 C:\wamp\www\SIHCi\sihci\index.php(19): CApplication->run()
#3 {main}
REQUEST_URI=/sihci/sihci/index.php/sponsorship/admin
---
2015/03/26 09:46:49 [error] [exception.CHttpException.404] exception 'CHttpException' with message 'No es posible resolver la solicitud "sponsorship"' in C:\wamp\www\SIHCi\YiiFramework\framework\web\CWebApplication.php:286
Stack trace:
#0 C:\wamp\www\SIHCi\YiiFramework\framework\web\CWebApplication.php(141): CWebApplication->runController('sponsorship')
#1 C:\wamp\www\SIHCi\YiiFramework\framework\base\CApplication.php(184): CWebApplication->processRequest()
#2 C:\wamp\www\SIHCi\sihci\index.php(19): CApplication->run()
#3 {main}
REQUEST_URI=/sihci/sihci/index.php/sponsorship/
---
2015/03/26 09:47:55 [error] [exception.CHttpException.404] exception 'CHttpException' with message 'No es posible resolver la solicitud "sponsorship"' in C:\wamp\www\SIHCi\YiiFramework\framework\web\CWebApplication.php:286
Stack trace:
#0 C:\wamp\www\SIHCi\YiiFramework\framework\web\CWebApplication.php(141): CWebApplication->runController('sponsorship')
#1 C:\wamp\www\SIHCi\YiiFramework\framework\base\CApplication.php(184): CWebApplication->processRequest()
#2 C:\wamp\www\SIHCi\sihci\index.php(19): CApplication->run()
#3 {main}
REQUEST_URI=/sihci/sihci/index.php/sponsorship/
---
2015/03/26 09:48:00 [error] [exception.CHttpException.404] exception 'CHttpException' with message 'No es posible resolver la solicitud "sponsorships"' in C:\wamp\www\SIHCi\YiiFramework\framework\web\CWebApplication.php:286
Stack trace:
#0 C:\wamp\www\SIHCi\YiiFramework\framework\web\CWebApplication.php(141): CWebApplication->runController('sponsorships')
#1 C:\wamp\www\SIHCi\YiiFramework\framework\base\CApplication.php(184): CWebApplication->processRequest()
#2 C:\wamp\www\SIHCi\sihci\index.php(19): CApplication->run()
#3 {main}
REQUEST_URI=/sihci/sihci/index.php/sponsorships/
---
2015/03/26 11:08:25 [error] [exception.CHttpException.404] exception 'CHttpException' with message 'El sistema no ha podido encontrar la acción "getResearchers" solicitada.' in C:\wamp\www\SIHCi\YiiFramework\framework\web\CController.php:483
Stack trace:
#0 C:\wamp\www\SIHCi\YiiFramework\framework\web\CController.php(270): CController->missingAction('getResearchers')
#1 C:\wamp\www\SIHCi\YiiFramework\framework\web\CWebApplication.php(282): CController->run('getResearchers')
#2 C:\wamp\www\SIHCi\YiiFramework\framework\web\CWebApplication.php(141): CWebApplication->runController('sponsorship/get...')
#3 C:\wamp\www\SIHCi\YiiFramework\framework\base\CApplication.php(184): CWebApplication->processRequest()
#4 C:\wamp\www\SIHCi\sihci\index.php(19): CApplication->run()
#5 {main}
REQUEST_URI=/sihci/sihci/index.php/sponsorship/getResearchers?term=a
HTTP_REFERER=http://localhost/sihci/sihci/index.php/sponsorship/create
---
2015/03/26 11:09:18 [error] [exception.CHttpException.404] exception 'CHttpException' with message 'El sistema no ha podido encontrar la acción "getResearchers" solicitada.' in C:\wamp\www\SIHCi\YiiFramework\framework\web\CController.php:483
Stack trace:
#0 C:\wamp\www\SIHCi\YiiFramework\framework\web\CController.php(270): CController->missingAction('getResearchers')
#1 C:\wamp\www\SIHCi\YiiFramework\framework\web\CWebApplication.php(282): CController->run('getResearchers')
#2 C:\wamp\www\SIHCi\YiiFramework\framework\web\CWebApplication.php(141): CWebApplication->runController('sponsorship/get...')
#3 C:\wamp\www\SIHCi\YiiFramework\framework\base\CApplication.php(184): CWebApplication->processRequest()
#4 C:\wamp\www\SIHCi\sihci\index.php(19): CApplication->run()
#5 {main}
REQUEST_URI=/sihci/sihci/index.php/sponsorship/getResearchers?term=j
HTTP_REFERER=http://localhost/sihci/sihci/index.php/sponsorship/create
---
2015/03/26 11:10:48 [error] [exception.CHttpException.404] exception 'CHttpException' with message 'El sistema no ha podido encontrar la acción "getResearchers" solicitada.' in C:\wamp\www\SIHCi\YiiFramework\framework\web\CController.php:483
Stack trace:
#0 C:\wamp\www\SIHCi\YiiFramework\framework\web\CController.php(270): CController->missingAction('getResearchers')
#1 C:\wamp\www\SIHCi\YiiFramework\framework\web\CWebApplication.php(282): CController->run('getResearchers')
#2 C:\wamp\www\SIHCi\YiiFramework\framework\web\CWebApplication.php(141): CWebApplication->runController('sponsorship/get...')
#3 C:\wamp\www\SIHCi\YiiFramework\framework\base\CApplication.php(184): CWebApplication->processRequest()
#4 C:\wamp\www\SIHCi\sihci\index.php(19): CApplication->run()
#5 {main}
REQUEST_URI=/sihci/sihci/index.php/sponsorship/getResearchers?term=a
HTTP_REFERER=http://localhost/sihci/sihci/index.php/sponsorship/create
---
2015/03/26 11:10:51 [error] [exception.CHttpException.404] exception 'CHttpException' with message 'El sistema no ha podido encontrar la acción "getResearchers" solicitada.' in C:\wamp\www\SIHCi\YiiFramework\framework\web\CController.php:483
Stack trace:
#0 C:\wamp\www\SIHCi\YiiFramework\framework\web\CController.php(270): CController->missingAction('getResearchers')
#1 C:\wamp\www\SIHCi\YiiFramework\framework\web\CWebApplication.php(282): CController->run('getResearchers')
#2 C:\wamp\www\SIHCi\YiiFramework\framework\web\CWebApplication.php(141): CWebApplication->runController('sponsorship/get...')
#3 C:\wamp\www\SIHCi\YiiFramework\framework\base\CApplication.php(184): CWebApplication->processRequest()
#4 C:\wamp\www\SIHCi\sihci\index.php(19): CApplication->run()
#5 {main}
REQUEST_URI=/sihci/sihci/index.php/sponsorship/getResearchers?term=ac
HTTP_REFERER=http://localhost/sihci/sihci/index.php/sponsorship/create
---
2015/03/26 11:10:52 [error] [exception.CHttpException.404] exception 'CHttpException' with message 'El sistema no ha podido encontrar la acción "getResearchers" solicitada.' in C:\wamp\www\SIHCi\YiiFramework\framework\web\CController.php:483
Stack trace:
#0 C:\wamp\www\SIHCi\YiiFramework\framework\web\CController.php(270): CController->missingAction('getResearchers')
#1 C:\wamp\www\SIHCi\YiiFramework\framework\web\CWebApplication.php(282): CController->run('getResearchers')
#2 C:\wamp\www\SIHCi\YiiFramework\framework\web\CWebApplication.php(141): CWebApplication->runController('sponsorship/get...')
#3 C:\wamp\www\SIHCi\YiiFramework\framework\base\CApplication.php(184): CWebApplication->processRequest()
#4 C:\wamp\www\SIHCi\sihci\index.php(19): CApplication->run()
#5 {main}
REQUEST_URI=/sihci/sihci/index.php/sponsorship/getResearchers?term=acdd
HTTP_REFERER=http://localhost/sihci/sihci/index.php/sponsorship/create
---
2015/03/26 11:11:19 [error] [exception.CHttpException.404] exception 'CHttpException' with message 'El sistema no ha podido encontrar la acción "getResearchers" solicitada.' in C:\wamp\www\SIHCi\YiiFramework\framework\web\CController.php:483
Stack trace:
#0 C:\wamp\www\SIHCi\YiiFramework\framework\web\CController.php(270): CController->missingAction('getResearchers')
#1 C:\wamp\www\SIHCi\YiiFramework\framework\web\CWebApplication.php(282): CController->run('getResearchers')
#2 C:\wamp\www\SIHCi\YiiFramework\framework\web\CWebApplication.php(141): CWebApplication->runController('sponsorship/get...')
#3 C:\wamp\www\SIHCi\YiiFramework\framework\base\CApplication.php(184): CWebApplication->processRequest()
#4 C:\wamp\www\SIHCi\sihci\index.php(19): CApplication->run()
#5 {main}
REQUEST_URI=/sihci/sihci/index.php/sponsorship/getResearchers?term=a
HTTP_REFERER=http://localhost/sihci/sihci/index.php/sponsorship/create
---
2015/03/26 11:11:20 [error] [exception.CHttpException.404] exception 'CHttpException' with message 'El sistema no ha podido encontrar la acción "getResearchers" solicitada.' in C:\wamp\www\SIHCi\YiiFramework\framework\web\CController.php:483
Stack trace:
#0 C:\wamp\www\SIHCi\YiiFramework\framework\web\CController.php(270): CController->missingAction('getResearchers')
#1 C:\wamp\www\SIHCi\YiiFramework\framework\web\CWebApplication.php(282): CController->run('getResearchers')
#2 C:\wamp\www\SIHCi\YiiFramework\framework\web\CWebApplication.php(141): CWebApplication->runController('sponsorship/get...')
#3 C:\wamp\www\SIHCi\YiiFramework\framework\base\CApplication.php(184): CWebApplication->processRequest()
#4 C:\wamp\www\SIHCi\sihci\index.php(19): CApplication->run()
#5 {main}
REQUEST_URI=/sihci/sihci/index.php/sponsorship/getResearchers?term=as
HTTP_REFERER=http://localhost/sihci/sihci/index.php/sponsorship/create
---
2015/03/26 11:12:28 [error] [exception.CHttpException.403] exception 'CHttpException' with message 'Usted no se encuentra autorizado a realizar esta acción.' in C:\wamp\www\SIHCi\YiiFramework\framework\web\auth\CAccessControlFilter.php:182
Stack trace:
#0 C:\wamp\www\SIHCi\YiiFramework\framework\web\auth\CAccessControlFilter.php(145): CAccessControlFilter->accessDenied(Object(CWebUser), 'Usted no se enc...')
#1 C:\wamp\www\SIHCi\YiiFramework\framework\web\filters\CFilter.php(38): CAccessControlFilter->preFilter(Object(CFilterChain))
#2 C:\wamp\www\SIHCi\YiiFramework\framework\web\CController.php(1145): CFilter->filter(Object(CFilterChain))
#3 C:\wamp\www\SIHCi\YiiFramework\framework\web\filters\CInlineFilter.php(58): CController->filterAccessControl(Object(CFilterChain))
#4 C:\wamp\www\SIHCi\YiiFramework\framework\web\filters\CFilterChain.php(130): CInlineFilter->filter(Object(CFilterChain))
#5 C:\wamp\www\SIHCi\YiiFramework\framework\web\CController.php(291): CFilterChain->run()
#6 C:\wamp\www\SIHCi\YiiFramework\framework\web\CController.php(265): CController->runActionWithFilters(Object(CInlineAction), Array)
#7 C:\wamp\www\SIHCi\YiiFramework\framework\web\CWebApplication.php(282): CController->run('getResearchers')
#8 C:\wamp\www\SIHCi\YiiFramework\framework\web\CWebApplication.php(141): CWebApplication->runController('sponsorship/get...')
#9 C:\wamp\www\SIHCi\YiiFramework\framework\base\CApplication.php(184): CWebApplication->processRequest()
#10 C:\wamp\www\SIHCi\sihci\index.php(19): CApplication->run()
#11 {main}
REQUEST_URI=/sihci/sihci/index.php/sponsorship/getResearchers?term=j
HTTP_REFERER=http://localhost/sihci/sihci/index.php/sponsorship/create
---
2015/03/26 11:12:29 [error] [exception.CHttpException.403] exception 'CHttpException' with message 'Usted no se encuentra autorizado a realizar esta acción.' in C:\wamp\www\SIHCi\YiiFramework\framework\web\auth\CAccessControlFilter.php:182
Stack trace:
#0 C:\wamp\www\SIHCi\YiiFramework\framework\web\auth\CAccessControlFilter.php(145): CAccessControlFilter->accessDenied(Object(CWebUser), 'Usted no se enc...')
#1 C:\wamp\www\SIHCi\YiiFramework\framework\web\filters\CFilter.php(38): CAccessControlFilter->preFilter(Object(CFilterChain))
#2 C:\wamp\www\SIHCi\YiiFramework\framework\web\CController.php(1145): CFilter->filter(Object(CFilterChain))
#3 C:\wamp\www\SIHCi\YiiFramework\framework\web\filters\CInlineFilter.php(58): CController->filterAccessControl(Object(CFilterChain))
#4 C:\wamp\www\SIHCi\YiiFramework\framework\web\filters\CFilterChain.php(130): CInlineFilter->filter(Object(CFilterChain))
#5 C:\wamp\www\SIHCi\YiiFramework\framework\web\CController.php(291): CFilterChain->run()
#6 C:\wamp\www\SIHCi\YiiFramework\framework\web\CController.php(265): CController->runActionWithFilters(Object(CInlineAction), Array)
#7 C:\wamp\www\SIHCi\YiiFramework\framework\web\CWebApplication.php(282): CController->run('getResearchers')
#8 C:\wamp\www\SIHCi\YiiFramework\framework\web\CWebApplication.php(141): CWebApplication->runController('sponsorship/get...')
#9 C:\wamp\www\SIHCi\YiiFramework\framework\base\CApplication.php(184): CWebApplication->processRequest()
#10 C:\wamp\www\SIHCi\sihci\index.php(19): CApplication->run()
#11 {main}
REQUEST_URI=/sihci/sihci/index.php/sponsorship/getResearchers?term=jo
HTTP_REFERER=http://localhost/sihci/sihci/index.php/sponsorship/create
---
2015/03/26 11:13:01 [error] [system.db.CDbCommand] CDbCommand::fetchAll() falló: SQLSTATE[42000]: Syntax error or access violation: 1064 You have an error in your SQL syntax; check the manual that corresponds to your MySQL server version for the right syntax to use near ') as label FROM users AS u JOIN persons AS p on p.id_user = u.id WHERE p.names L' at line 1. La sentencia SQL ejecutada fue: SELECT u.id, CONCAT(p.last_name1," ",p.last_name2," ",r.names)) as label FROM users AS u JOIN persons AS p on p.id_user = u.id WHERE p.names LIKE :qterm  ORDER BY ap_pat ASC.
in C:\wamp\www\SIHCi\sihci\protected\controllers\SponsorshipController.php (181)
in C:\wamp\www\SIHCi\sihci\index.php (19)
2015/03/26 11:13:01 [error] [exception.CDbException] exception 'CDbException' with message 'CDbCommand falló al ejecutar la sentencia SQL: SQLSTATE[42000]: Syntax error or access violation: 1064 You have an error in your SQL syntax; check the manual that corresponds to your MySQL server version for the right syntax to use near ') as label FROM users AS u JOIN persons AS p on p.id_user = u.id WHERE p.names L' at line 1. The SQL statement executed was: SELECT u.id, CONCAT(p.last_name1," ",p.last_name2," ",r.names)) as label FROM users AS u JOIN persons AS p on p.id_user = u.id WHERE p.names LIKE :qterm  ORDER BY ap_pat ASC' in C:\wamp\www\SIHCi\YiiFramework\framework\db\CDbCommand.php:543
Stack trace:
#0 C:\wamp\www\SIHCi\YiiFramework\framework\db\CDbCommand.php(396): CDbCommand->queryInternal('fetchAll', Array, Array)
#1 C:\wamp\www\SIHCi\sihci\protected\controllers\SponsorshipController.php(181): CDbCommand->queryAll()
#2 C:\wamp\www\SIHCi\YiiFramework\framework\web\actions\CInlineAction.php(49): SponsorshipController->actionGetResearchers()
#3 C:\wamp\www\SIHCi\YiiFramework\framework\web\CController.php(308): CInlineAction->runWithParams(Array)
#4 C:\wamp\www\SIHCi\YiiFramework\framework\web\filters\CFilterChain.php(133): CController->runAction(Object(CInlineAction))
#5 C:\wamp\www\SIHCi\YiiFramework\framework\web\filters\CFilter.php(40): CFilterChain->run()
#6 C:\wamp\www\SIHCi\YiiFramework\framework\web\CController.php(1145): CFilter->filter(Object(CFilterChain))
#7 C:\wamp\www\SIHCi\YiiFramework\framework\web\filters\CInlineFilter.php(58): CController->filterAccessControl(Object(CFilterChain))
#8 C:\wamp\www\SIHCi\YiiFramework\framework\web\filters\CFilterChain.php(130): CInlineFilter->filter(Object(CFilterChain))
#9 C:\wamp\www\SIHCi\YiiFramework\framework\web\CController.php(291): CFilterChain->run()
#10 C:\wamp\www\SIHCi\YiiFramework\framework\web\CController.php(265): CController->runActionWithFilters(Object(CInlineAction), Array)
#11 C:\wamp\www\SIHCi\YiiFramework\framework\web\CWebApplication.php(282): CController->run('getResearchers')
#12 C:\wamp\www\SIHCi\YiiFramework\framework\web\CWebApplication.php(141): CWebApplication->runController('sponsorship/get...')
#13 C:\wamp\www\SIHCi\YiiFramework\framework\base\CApplication.php(184): CWebApplication->processRequest()
#14 C:\wamp\www\SIHCi\sihci\index.php(19): CApplication->run()
#15 {main}
REQUEST_URI=/sihci/sihci/index.php/sponsorship/getResearchers?term=jo
HTTP_REFERER=http://localhost/sihci/sihci/index.php/sponsorship/create
---
